This is pdfTeX, Version 3.141592653-2.6-1.40.27 (MiKTeX 25.2) (preloaded format=pdflatex 2025.3.18)  11 APR 2026 22:02
entering extended mode
 \write18 enabled.
 file:line:error style messages enabled.
 %&-line parsing enabled.
**./tdgl_doc.tex
(tdgl_doc.tex
LaTeX2e <2024-11-01> patch level 2
L3 programming layer <2025-01-18>
(C:\Users\Graham\AppData\Local\Programs\MiKTeX\tex/latex/base\report.cls
Document Class: report 2024/06/29 v1.4n Standard LaTeX document class
(C:\Users\Graham\AppData\Local\Programs\MiKTeX\tex/latex/base\size10.clo
File: size10.clo 2024/06/29 v1.4n Standard LaTeX file (size option)
)
\c@part=\count196
\c@chapter=\count197
\c@section=\count198
\c@subsection=\count199
\c@subsubsection=\count266
\c@paragraph=\count267
\c@subparagraph=\count268
\c@figure=\count269
\c@table=\count270
\abovecaptionskip=\skip49
\belowcaptionskip=\skip50
\bibindent=\dimen141
)
(../preamble.tex
(C:\Users\Graham\AppData\Local\Programs\MiKTeX\tex/latex/concmath\concmath.sty
Package: concmath 1999/03/10 v2.0b LaTeX package for Concrete math fonts
LaTeX Font Info:    Redeclaring symbol font `operators' on input line 43.
LaTeX Font Info:    Overwriting symbol font `operators' in version `normal'
(Font)                  OT1/cmr/m/n --> OT1/ccr/m/n on input line 43.
LaTeX Font Info:    Overwriting symbol font `operators' in version `bold'
(Font)                  OT1/cmr/bx/n --> OT1/ccr/m/n on input line 43.
LaTeX Font Info:    Redeclaring symbol font `letters' on input line 44.
LaTeX Font Info:    Overwriting symbol font `letters' in version `normal'
(Font)                  OML/cmm/m/it --> OML/ccm/m/it on input line 44.
LaTeX Font Info:    Overwriting symbol font `letters' in version `bold'
(Font)                  OML/cmm/b/it --> OML/ccm/m/it on input line 44.
LaTeX Font Info:    Redeclaring symbol font `symbols' on input line 45.
LaTeX Font Info:    Overwriting symbol font `symbols' in version `normal'
(Font)                  OMS/cmsy/m/n --> OMS/ccsy/m/n on input line 45.
LaTeX Font Info:    Overwriting symbol font `symbols' in version `bold'
(Font)                  OMS/cmsy/b/n --> OMS/ccsy/m/n on input line 45.
LaTeX Font Info:    Redeclaring symbol font `largesymbols' on input line 46.
LaTeX Font Info:    Overwriting symbol font `largesymbols' in version `normal'
(Font)                  OMX/cmex/m/n --> OMX/ccex/m/n on input line 46.
LaTeX Font Info:    Overwriting symbol font `largesymbols' in version `bold'
(Font)                  OMX/cmex/m/n --> OMX/ccex/m/n on input line 46.
LaTeX Font Info:    Overwriting symbol font `operators' in version `bold'
(Font)                  OT1/ccr/m/n --> OT1/ccr/bx/n on input line 47.
LaTeX Font Info:    Overwriting symbol font `letters' in version `bold'
(Font)                  OML/ccm/m/it --> OML/ccm/b/it on input line 48.
LaTeX Font Info:    Overwriting symbol font `symbols' in version `bold'
(Font)                  OMS/ccsy/m/n --> OMS/ccsy/b/n on input line 49.
LaTeX Font Info:    Redeclaring math alphabet \mathbf on input line 53.
LaTeX Font Info:    Overwriting math alphabet `\mathbf' in version `normal'
(Font)                  OT1/cmr/bx/n --> OT1/ccr/bx/n on input line 53.
LaTeX Font Info:    Overwriting math alphabet `\mathbf' in version `bold'
(Font)                  OT1/cmr/bx/n --> OT1/ccr/bx/n on input line 53.
LaTeX Font Info:    Redeclaring math alphabet \mathit on input line 54.
LaTeX Font Info:    Overwriting math alphabet `\mathit' in version `normal'
(Font)                  OT1/cmr/m/it --> OT1/ccr/m/it on input line 54.
LaTeX Font Info:    Overwriting math alphabet `\mathit' in version `bold'
(Font)                  OT1/cmr/bx/it --> OT1/ccr/m/it on input line 54.
) (C:\Users\Graham\AppData\Local\Programs\MiKTeX\tex/latex/base\fontenc.sty
Package: fontenc 2021/04/29 v2.0v Standard LaTeX package
)
(C:\Users\Graham\AppData\Local\Programs\MiKTeX\tex/latex/base\inputenc.sty
Package: inputenc 2024/02/08 v1.3d Input encoding file
\inpenc@prehook=\toks17
\inpenc@posthook=\toks18
)
(C:\Users\Graham\AppData\Local\Programs\MiKTeX\tex/latex/base\textcomp.sty
Package: textcomp 2024/04/24 v2.1b Standard LaTeX package
)
(C:\Users\Graham\AppData\Local\Programs\MiKTeX\tex/generic/babel\babel.sty
Package: babel 2025/02/14 v25.4 The multilingual framework for pdfLaTeX, LuaLaT
eX and XeLaTeX
\babel@savecnt=\count271
\U@D=\dimen142
\l@unhyphenated=\language79

(C:\Users\Graham\AppData\Local\Programs\MiKTeX\tex/generic/babel\txtbabel.def)
\bbl@readstream=\read2
\bbl@dirlevel=\count272

*************************************
* Local config file bblopts.cfg used
*
(C:\Users\Graham\AppData\Local\Programs\MiKTeX\tex/latex/arabi\bblopts.cfg
File: bblopts.cfg 2005/09/08 v0.1 add Arabic and Farsi to "declared" options of
 babel
)
Package babel Info: You haven't specified a language as a class or package
(babel)             option. I'll load 'nil'. Reported on input line 4188.

(C:\Users\Graham\AppData\Local\Programs\MiKTeX\tex/generic/babel\nil.ldf
Language: nil 2025/02/14 v25.4 Nil language
\l@nil=\language80
))
(C:\Users\Graham\AppData\Local\Programs\MiKTeX\tex/latex/url\url.sty
\Urlmuskip=\muskip17
Package: url 2013/09/16  ver 3.4  Verb mode for urls, etc.
)
(C:\Users\Graham\AppData\Local\Programs\MiKTeX\tex/latex/graphics\graphicx.sty
Package: graphicx 2021/09/16 v1.2d Enhanced LaTeX Graphics (DPC,SPQR)

(C:\Users\Graham\AppData\Local\Programs\MiKTeX\tex/latex/graphics\keyval.sty
Package: keyval 2022/05/29 v1.15 key=value parser (DPC)
\KV@toks@=\toks19
)
(C:\Users\Graham\AppData\Local\Programs\MiKTeX\tex/latex/graphics\graphics.sty
Package: graphics 2024/08/06 v1.4g Standard LaTeX Graphics (DPC,SPQR)

(C:\Users\Graham\AppData\Local\Programs\MiKTeX\tex/latex/graphics\trig.sty
Package: trig 2023/12/02 v1.11 sin cos tan (DPC)
)
(C:\Users\Graham\AppData\Local\Programs\MiKTeX\tex/latex/graphics-cfg\graphics.
cfg
File: graphics.cfg 2016/06/04 v1.11 sample graphics configuration
)
Package graphics Info: Driver file: pdftex.def on input line 106.

(C:\Users\Graham\AppData\Local\Programs\MiKTeX\tex/latex/graphics-def\pdftex.de
f
File: pdftex.def 2024/04/13 v1.2c Graphics/color driver for pdftex
))
\Gin@req@height=\dimen143
\Gin@req@width=\dimen144
) (C:\Users\Graham\AppData\Local\Programs\MiKTeX\tex/latex/float\float.sty
Package: float 2001/11/08 v1.3d Float enhancements (AL)
\c@float@type=\count273
\float@exts=\toks20
\float@box=\box52
\@float@everytoks=\toks21
\@floatcapt=\box53
)
(C:\Users\Graham\AppData\Local\Programs\MiKTeX\tex/latex/booktabs\booktabs.sty
Package: booktabs 2020/01/12 v1.61803398 Publication quality tables
\heavyrulewidth=\dimen145
\lightrulewidth=\dimen146
\cmidrulewidth=\dimen147
\belowrulesep=\dimen148
\belowbottomsep=\dimen149
\aboverulesep=\dimen150
\abovetopsep=\dimen151
\cmidrulesep=\dimen152
\cmidrulekern=\dimen153
\defaultaddspace=\dimen154
\@cmidla=\count274
\@cmidlb=\count275
\@aboverulesep=\dimen155
\@belowrulesep=\dimen156
\@thisruleclass=\count276
\@lastruleclass=\count277
\@thisrulewidth=\dimen157
) (C:\Users\Graham\AppData\Local\Programs\MiKTeX\tex/latex/enumitem\enumitem.st
y
Package: enumitem 2025/02/06 v3.11 Customized lists
\labelindent=\skip51
\enit@outerparindent=\dimen158
\enit@toks=\toks22
\enit@inbox=\box54
\enit@count@id=\count278
\enitdp@description=\count279
) (C:\Users\Graham\AppData\Local\Programs\MiKTeX\tex/latex/tools\layout.sty
Package: layout 2023-08-20 v1.2e Show layout parameters
\oneinch=\count280
\cnt@paperwidth=\count281
\cnt@paperheight=\count282
\cnt@hoffset=\count283
\cnt@voffset=\count284
\cnt@textheight=\count285
\cnt@textwidth=\count286
\cnt@topmargin=\count287
\cnt@oddsidemargin=\count288
\cnt@evensidemargin=\count289
\cnt@headheight=\count290
\cnt@headsep=\count291
\cnt@marginparsep=\count292
\cnt@marginparwidth=\count293
\cnt@marginparpush=\count294
\cnt@footskip=\count295
\fheight=\count296
\ref@top=\count297
\ref@hoffset=\count298
\ref@voffset=\count299
\ref@head=\count300
\ref@body=\count301
\ref@foot=\count302
\ref@margin=\count303
\ref@marginwidth=\count304
\ref@marginpar=\count305
\Interval=\count306
\ExtraYPos=\count307
\PositionX=\count308
\PositionY=\count309
\ArrowLength=\count310
)
(C:\Users\Graham\AppData\Local\Programs\MiKTeX\tex/latex/graphics\color.sty
Package: color 2024/06/23 v1.3e Standard LaTeX Color (DPC)

(C:\Users\Graham\AppData\Local\Programs\MiKTeX\tex/latex/graphics-cfg\color.cfg
File: color.cfg 2016/01/02 v1.6 sample color configuration
)
Package color Info: Driver file: pdftex.def on input line 149.

(C:\Users\Graham\AppData\Local\Programs\MiKTeX\tex/latex/graphics\mathcolor.ltx
))
(C:\Users\Graham\AppData\Local\Programs\MiKTeX\tex/latex/hyperref\hyperref.sty
Package: hyperref 2024-11-05 v7.01l Hypertext links for LaTeX

(C:\Users\Graham\AppData\Local\Programs\MiKTeX\tex/generic/iftex\iftex.sty
Package: iftex 2024/12/12 v1.0g TeX engine tests
)
(C:\Users\Graham\AppData\Local\Programs\MiKTeX\tex/latex/kvsetkeys\kvsetkeys.st
y
Package: kvsetkeys 2022-10-05 v1.19 Key value parser (HO)
)
(C:\Users\Graham\AppData\Local\Programs\MiKTeX\tex/generic/kvdefinekeys\kvdefin
ekeys.sty
Package: kvdefinekeys 2019-12-19 v1.6 Define keys (HO)
)
(C:\Users\Graham\AppData\Local\Programs\MiKTeX\tex/generic/pdfescape\pdfescape.
sty
Package: pdfescape 2019/12/09 v1.15 Implements pdfTeX's escape features (HO)

(C:\Users\Graham\AppData\Local\Programs\MiKTeX\tex/generic/ltxcmds\ltxcmds.sty
Package: ltxcmds 2023-12-04 v1.26 LaTeX kernel commands for general use (HO)
)
(C:\Users\Graham\AppData\Local\Programs\MiKTeX\tex/generic/pdftexcmds\pdftexcmd
s.sty
Package: pdftexcmds 2020-06-27 v0.33 Utility functions of pdfTeX for LuaTeX (HO
)

(C:\Users\Graham\AppData\Local\Programs\MiKTeX\tex/generic/infwarerr\infwarerr.
sty
Package: infwarerr 2019/12/03 v1.5 Providing info/warning/error messages (HO)
)
Package pdftexcmds Info: \pdf@primitive is available.
Package pdftexcmds Info: \pdf@ifprimitive is available.
Package pdftexcmds Info: \pdfdraftmode found.
))
(C:\Users\Graham\AppData\Local\Programs\MiKTeX\tex/latex/hycolor\hycolor.sty
Package: hycolor 2020-01-27 v1.10 Color options for hyperref/bookmark (HO)
)
(C:\Users\Graham\AppData\Local\Programs\MiKTeX\tex/latex/hyperref\nameref.sty
Package: nameref 2023-11-26 v2.56 Cross-referencing by name of section

(C:\Users\Graham\AppData\Local\Programs\MiKTeX\tex/latex/refcount\refcount.sty
Package: refcount 2019/12/15 v3.6 Data extraction from label references (HO)
)
(C:\Users\Graham\AppData\Local\Programs\MiKTeX\tex/generic/gettitlestring\getti
tlestring.sty
Package: gettitlestring 2019/12/15 v1.6 Cleanup title references (HO)

(C:\Users\Graham\AppData\Local\Programs\MiKTeX\tex/latex/kvoptions\kvoptions.st
y
Package: kvoptions 2022-06-15 v3.15 Key value format for package options (HO)
))
\c@section@level=\count311
)
(C:\Users\Graham\AppData\Local\Programs\MiKTeX\tex/latex/etoolbox\etoolbox.sty
Package: etoolbox 2025/02/11 v2.5l e-TeX tools for LaTeX (JAW)
\etb@tempcnta=\count312
)
(C:\Users\Graham\AppData\Local\Programs\MiKTeX\tex/generic/stringenc\stringenc.
sty
Package: stringenc 2019/11/29 v1.12 Convert strings between diff. encodings (HO
)
)
\@linkdim=\dimen159
\Hy@linkcounter=\count313
\Hy@pagecounter=\count314

(C:\Users\Graham\AppData\Local\Programs\MiKTeX\tex/latex/hyperref\pd1enc.def
File: pd1enc.def 2024-11-05 v7.01l Hyperref: PDFDocEncoding definition (HO)
Now handling font encoding PD1 ...
... no UTF-8 mapping file for font encoding PD1
)
(C:\Users\Graham\AppData\Local\Programs\MiKTeX\tex/generic/intcalc\intcalc.sty
Package: intcalc 2019/12/15 v1.3 Expandable calculations with integers (HO)
)
\Hy@SavedSpaceFactor=\count315
(C:\Users\Graham\AppData\Local\Programs\MiKTeX\tex/latex/hyperref\puenc.def
File: puenc.def 2024-11-05 v7.01l Hyperref: PDF Unicode definition (HO)
Now handling font encoding PU ...
... no UTF-8 mapping file for font encoding PU
)
Package hyperref Info: Hyper figures OFF on input line 4157.
Package hyperref Info: Link nesting OFF on input line 4162.
Package hyperref Info: Hyper index ON on input line 4165.
Package hyperref Info: Plain pages OFF on input line 4172.
Package hyperref Info: Backreferencing OFF on input line 4177.
Package hyperref Info: Implicit mode ON; LaTeX internals redefined.
Package hyperref Info: Bookmarks ON on input line 4424.
\c@Hy@tempcnt=\count316
LaTeX Info: Redefining \url on input line 4763.
\XeTeXLinkMargin=\dimen160

(C:\Users\Graham\AppData\Local\Programs\MiKTeX\tex/generic/bitset\bitset.sty
Package: bitset 2019/12/09 v1.3 Handle bit-vector datatype (HO)

(C:\Users\Graham\AppData\Local\Programs\MiKTeX\tex/generic/bigintcalc\bigintcal
c.sty
Package: bigintcalc 2019/12/15 v1.5 Expandable calculations on big integers (HO
)
))
\Fld@menulength=\count317
\Field@Width=\dimen161
\Fld@charsize=\dimen162
Package hyperref Info: Hyper figures OFF on input line 6042.
Package hyperref Info: Link nesting OFF on input line 6047.
Package hyperref Info: Hyper index ON on input line 6050.
Package hyperref Info: backreferencing OFF on input line 6057.
Package hyperref Info: Link coloring OFF on input line 6062.
Package hyperref Info: Link coloring with OCG OFF on input line 6067.
Package hyperref Info: PDF/A mode OFF on input line 6072.

(C:\Users\Graham\AppData\Local\Programs\MiKTeX\tex/latex/base\atbegshi-ltx.sty
Package: atbegshi-ltx 2021/01/10 v1.0c Emulation of the original atbegshi
package with kernel methods
)
\Hy@abspage=\count318
\c@Item=\count319
\c@Hfootnote=\count320
)
Package hyperref Info: Driver (autodetected): hpdftex.
 (C:\Users\Graham\AppData\Local\Programs\MiKTeX\tex/latex/hyperref\hpdftex.def
File: hpdftex.def 2024-11-05 v7.01l Hyperref driver for pdfTeX

(C:\Users\Graham\AppData\Local\Programs\MiKTeX\tex/latex/base\atveryend-ltx.sty
Package: atveryend-ltx 2020/08/19 v1.0a Emulation of the original atveryend pac
kage
with kernel methods
)
\Fld@listcount=\count321
\c@bookmark@seq@number=\count322

(C:\Users\Graham\AppData\Local\Programs\MiKTeX\tex/latex/rerunfilecheck\rerunfi
lecheck.sty
Package: rerunfilecheck 2022-07-10 v1.10 Rerun checks for auxiliary files (HO)

(C:\Users\Graham\AppData\Local\Programs\MiKTeX\tex/generic/uniquecounter\unique
counter.sty
Package: uniquecounter 2019/12/15 v1.4 Provide unlimited unique counter (HO)
)
Package uniquecounter Info: New unique counter `rerunfilecheck' on input line 2
85.
)
\Hy@SectionHShift=\skip52
)
(C:\Users\Graham\AppData\Local\Programs\MiKTeX\tex/latex/tensor\tensor.sty
Package: tensor 2004/12/20 v2.1 tensor indices package (PGR)
\tnsr@Sps=\toks23
\tnsr@Sbs=\toks24
\tnsr@Spe=\toks25
\tnsr@Sbe=\toks26
\ncld@Mno=\toks27
)
(C:\Users\Graham\AppData\Local\Programs\MiKTeX\tex/latex/titlesec\titlesec.sty
Package: titlesec 2025/01/04 v2.17 Sectioning titles
\ttl@box=\box55
\beforetitleunit=\skip53
\aftertitleunit=\skip54
\ttl@plus=\dimen163
\ttl@minus=\dimen164
\ttl@toksa=\toks28
\titlewidth=\dimen165
\titlewidthlast=\dimen166
\titlewidthfirst=\dimen167
) (C:\Users\Graham\AppData\Local\Programs\MiKTeX\tex/latex/multirow\multirow.st
y
Package: multirow 2024/11/12 v2.9 Span multiple rows of a table
\multirow@colwidth=\skip55
\multirow@cntb=\count323
\multirow@dima=\skip56
\bigstrutjot=\dimen168
)
(C:\Users\Graham\AppData\Local\Programs\MiKTeX\tex/latex/colortbl\colortbl.sty
Package: colortbl 2024/07/06 v1.0i Color table columns (DPC)

(C:\Users\Graham\AppData\Local\Programs\MiKTeX\tex/latex/tools\array.sty
Package: array 2024/10/17 v2.6g Tabular extension package (FMi)
\col@sep=\dimen169
\ar@mcellbox=\box56
\extrarowheight=\dimen170
\NC@list=\toks29
\extratabsurround=\skip57
\backup@length=\skip58
\ar@cellbox=\box57
)
\everycr=\toks30
\minrowclearance=\skip59
\rownum=\count324
)
(C:\Users\Graham\AppData\Local\Programs\MiKTeX\tex/latex/braket\braket.sty)
Package hyperref Info: Option `colorlinks' set `true' on input line 27.
Package hyperref Info: Option `linktocpage' set `true' on input line 27.

(C:\Users\Graham\AppData\Local\Programs\MiKTeX\tex/latex/pgf/frontendlayer\tikz
.sty
(C:\Users\Graham\AppData\Local\Programs\MiKTeX\tex/latex/pgf/basiclayer\pgf.sty

(C:\Users\Graham\AppData\Local\Programs\MiKTeX\tex/latex/pgf/utilities\pgfrcs.s
ty
(C:\Users\Graham\AppData\Local\Programs\MiKTeX\tex/generic/pgf/utilities\pgfuti
l-common.tex
\pgfutil@everybye=\toks31
\pgfutil@tempdima=\dimen171
\pgfutil@tempdimb=\dimen172
)
(C:\Users\Graham\AppData\Local\Programs\MiKTeX\tex/generic/pgf/utilities\pgfuti
l-latex.def
\pgfutil@abb=\box58
)
(C:\Users\Graham\AppData\Local\Programs\MiKTeX\tex/generic/pgf/utilities\pgfrcs
.code.tex
(C:\Users\Graham\AppData\Local\Programs\MiKTeX\tex/generic/pgf\pgf.revision.tex
)
Package: pgfrcs 2023-01-15 v3.1.10 (3.1.10)
))
Package: pgf 2023-01-15 v3.1.10 (3.1.10)

(C:\Users\Graham\AppData\Local\Programs\MiKTeX\tex/latex/pgf/basiclayer\pgfcore
.sty
(C:\Users\Graham\AppData\Local\Programs\MiKTeX\tex/latex/pgf/systemlayer\pgfsys
.sty
(C:\Users\Graham\AppData\Local\Programs\MiKTeX\tex/generic/pgf/systemlayer\pgfs
ys.code.tex
Package: pgfsys 2023-01-15 v3.1.10 (3.1.10)

(C:\Users\Graham\AppData\Local\Programs\MiKTeX\tex/generic/pgf/utilities\pgfkey
s.code.tex
\pgfkeys@pathtoks=\toks32
\pgfkeys@temptoks=\toks33

(C:\Users\Graham\AppData\Local\Programs\MiKTeX\tex/generic/pgf/utilities\pgfkey
slibraryfiltered.code.tex
\pgfkeys@tmptoks=\toks34
))
\pgf@x=\dimen173
\pgf@y=\dimen174
\pgf@xa=\dimen175
\pgf@ya=\dimen176
\pgf@xb=\dimen177
\pgf@yb=\dimen178
\pgf@xc=\dimen179
\pgf@yc=\dimen180
\pgf@xd=\dimen181
\pgf@yd=\dimen182
\w@pgf@writea=\write3
\r@pgf@reada=\read3
\c@pgf@counta=\count325
\c@pgf@countb=\count326
\c@pgf@countc=\count327
\c@pgf@countd=\count328
\t@pgf@toka=\toks35
\t@pgf@tokb=\toks36
\t@pgf@tokc=\toks37
\pgf@sys@id@count=\count329

(C:\Users\Graham\AppData\Local\Programs\MiKTeX\tex/generic/pgf/systemlayer\pgf.
cfg
File: pgf.cfg 2023-01-15 v3.1.10 (3.1.10)
)
Driver file for pgf: pgfsys-pdftex.def

(C:\Users\Graham\AppData\Local\Programs\MiKTeX\tex/generic/pgf/systemlayer\pgfs
ys-pdftex.def
File: pgfsys-pdftex.def 2023-01-15 v3.1.10 (3.1.10)

(C:\Users\Graham\AppData\Local\Programs\MiKTeX\tex/generic/pgf/systemlayer\pgfs
ys-common-pdf.def
File: pgfsys-common-pdf.def 2023-01-15 v3.1.10 (3.1.10)
)))
(C:\Users\Graham\AppData\Local\Programs\MiKTeX\tex/generic/pgf/systemlayer\pgfs
yssoftpath.code.tex
File: pgfsyssoftpath.code.tex 2023-01-15 v3.1.10 (3.1.10)
\pgfsyssoftpath@smallbuffer@items=\count330
\pgfsyssoftpath@bigbuffer@items=\count331
)
(C:\Users\Graham\AppData\Local\Programs\MiKTeX\tex/generic/pgf/systemlayer\pgfs
ysprotocol.code.tex
File: pgfsysprotocol.code.tex 2023-01-15 v3.1.10 (3.1.10)
))
(C:\Users\Graham\AppData\Local\Programs\MiKTeX\tex/latex/xcolor\xcolor.sty
Package: xcolor 2024/09/29 v3.02 LaTeX color extensions (UK)

(C:\Users\Graham\AppData\Local\Programs\MiKTeX\tex/latex/graphics-cfg\color.cfg
File: color.cfg 2016/01/02 v1.6 sample color configuration
)
Package xcolor Info: Driver file: pdftex.def on input line 274.
LaTeX Info: Redefining \color on input line 762.

(C:\Users\Graham\AppData\Local\Programs\MiKTeX\tex/latex/graphics\mathcolor.ltx
)
Package xcolor Info: Model `cmy' substituted by `cmy0' on input line 1349.
Package xcolor Info: Model `hsb' substituted by `rgb' on input line 1353.
Package xcolor Info: Model `RGB' extended on input line 1365.
Package xcolor Info: Model `HTML' substituted by `rgb' on input line 1367.
Package xcolor Info: Model `Hsb' substituted by `hsb' on input line 1368.
Package xcolor Info: Model `tHsb' substituted by `hsb' on input line 1369.
Package xcolor Info: Model `HSB' substituted by `hsb' on input line 1370.
Package xcolor Info: Model `Gray' substituted by `gray' on input line 1371.
Package xcolor Info: Model `wave' substituted by `hsb' on input line 1372.
)
(C:\Users\Graham\AppData\Local\Programs\MiKTeX\tex/generic/pgf/basiclayer\pgfco
re.code.tex
Package: pgfcore 2023-01-15 v3.1.10 (3.1.10)

(C:\Users\Graham\AppData\Local\Programs\MiKTeX\tex/generic/pgf/math\pgfmath.cod
e.tex
(C:\Users\Graham\AppData\Local\Programs\MiKTeX\tex/generic/pgf/math\pgfmathutil
.code.tex)
(C:\Users\Graham\AppData\Local\Programs\MiKTeX\tex/generic/pgf/math\pgfmathpars
er.code.tex
\pgfmath@dimen=\dimen183
\pgfmath@count=\count332
\pgfmath@box=\box59
\pgfmath@toks=\toks38
\pgfmath@stack@operand=\toks39
\pgfmath@stack@operation=\toks40
)
(C:\Users\Graham\AppData\Local\Programs\MiKTeX\tex/generic/pgf/math\pgfmathfunc
tions.code.tex)
(C:\Users\Graham\AppData\Local\Programs\MiKTeX\tex/generic/pgf/math\pgfmathfunc
tions.basic.code.tex)
(C:\Users\Graham\AppData\Local\Programs\MiKTeX\tex/generic/pgf/math\pgfmathfunc
tions.trigonometric.code.tex)
(C:\Users\Graham\AppData\Local\Programs\MiKTeX\tex/generic/pgf/math\pgfmathfunc
tions.random.code.tex)
(C:\Users\Graham\AppData\Local\Programs\MiKTeX\tex/generic/pgf/math\pgfmathfunc
tions.comparison.code.tex)
(C:\Users\Graham\AppData\Local\Programs\MiKTeX\tex/generic/pgf/math\pgfmathfunc
tions.base.code.tex)
(C:\Users\Graham\AppData\Local\Programs\MiKTeX\tex/generic/pgf/math\pgfmathfunc
tions.round.code.tex)
(C:\Users\Graham\AppData\Local\Programs\MiKTeX\tex/generic/pgf/math\pgfmathfunc
tions.misc.code.tex)
(C:\Users\Graham\AppData\Local\Programs\MiKTeX\tex/generic/pgf/math\pgfmathfunc
tions.integerarithmetics.code.tex)
(C:\Users\Graham\AppData\Local\Programs\MiKTeX\tex/generic/pgf/math\pgfmathcalc
.code.tex)
(C:\Users\Graham\AppData\Local\Programs\MiKTeX\tex/generic/pgf/math\pgfmathfloa
t.code.tex
\c@pgfmathroundto@lastzeros=\count333
))
(C:\Users\Graham\AppData\Local\Programs\MiKTeX\tex/generic/pgf/math\pgfint.code
.tex)
(C:\Users\Graham\AppData\Local\Programs\MiKTeX\tex/generic/pgf/basiclayer\pgfco
repoints.code.tex
File: pgfcorepoints.code.tex 2023-01-15 v3.1.10 (3.1.10)
\pgf@picminx=\dimen184
\pgf@picmaxx=\dimen185
\pgf@picminy=\dimen186
\pgf@picmaxy=\dimen187
\pgf@pathminx=\dimen188
\pgf@pathmaxx=\dimen189
\pgf@pathminy=\dimen190
\pgf@pathmaxy=\dimen191
\pgf@xx=\dimen192
\pgf@xy=\dimen193
\pgf@yx=\dimen194
\pgf@yy=\dimen195
\pgf@zx=\dimen196
\pgf@zy=\dimen197
)
(C:\Users\Graham\AppData\Local\Programs\MiKTeX\tex/generic/pgf/basiclayer\pgfco
repathconstruct.code.tex
File: pgfcorepathconstruct.code.tex 2023-01-15 v3.1.10 (3.1.10)
\pgf@path@lastx=\dimen198
\pgf@path@lasty=\dimen199
)
(C:\Users\Graham\AppData\Local\Programs\MiKTeX\tex/generic/pgf/basiclayer\pgfco
repathusage.code.tex
File: pgfcorepathusage.code.tex 2023-01-15 v3.1.10 (3.1.10)
\pgf@shorten@end@additional=\dimen256
\pgf@shorten@start@additional=\dimen257
)
(C:\Users\Graham\AppData\Local\Programs\MiKTeX\tex/generic/pgf/basiclayer\pgfco
rescopes.code.tex
File: pgfcorescopes.code.tex 2023-01-15 v3.1.10 (3.1.10)
\pgfpic=\box60
\pgf@hbox=\box61
\pgf@layerbox@main=\box62
\pgf@picture@serial@count=\count334
)
(C:\Users\Graham\AppData\Local\Programs\MiKTeX\tex/generic/pgf/basiclayer\pgfco
regraphicstate.code.tex
File: pgfcoregraphicstate.code.tex 2023-01-15 v3.1.10 (3.1.10)
\pgflinewidth=\dimen258
)
(C:\Users\Graham\AppData\Local\Programs\MiKTeX\tex/generic/pgf/basiclayer\pgfco
retransformations.code.tex
File: pgfcoretransformations.code.tex 2023-01-15 v3.1.10 (3.1.10)
\pgf@pt@x=\dimen259
\pgf@pt@y=\dimen260
\pgf@pt@temp=\dimen261
)
(C:\Users\Graham\AppData\Local\Programs\MiKTeX\tex/generic/pgf/basiclayer\pgfco
requick.code.tex
File: pgfcorequick.code.tex 2023-01-15 v3.1.10 (3.1.10)
)
(C:\Users\Graham\AppData\Local\Programs\MiKTeX\tex/generic/pgf/basiclayer\pgfco
reobjects.code.tex
File: pgfcoreobjects.code.tex 2023-01-15 v3.1.10 (3.1.10)
)
(C:\Users\Graham\AppData\Local\Programs\MiKTeX\tex/generic/pgf/basiclayer\pgfco
repathprocessing.code.tex
File: pgfcorepathprocessing.code.tex 2023-01-15 v3.1.10 (3.1.10)
)
(C:\Users\Graham\AppData\Local\Programs\MiKTeX\tex/generic/pgf/basiclayer\pgfco
rearrows.code.tex
File: pgfcorearrows.code.tex 2023-01-15 v3.1.10 (3.1.10)
\pgfarrowsep=\dimen262
)
(C:\Users\Graham\AppData\Local\Programs\MiKTeX\tex/generic/pgf/basiclayer\pgfco
reshade.code.tex
File: pgfcoreshade.code.tex 2023-01-15 v3.1.10 (3.1.10)
\pgf@max=\dimen263
\pgf@sys@shading@range@num=\count335
\pgf@shadingcount=\count336
)
(C:\Users\Graham\AppData\Local\Programs\MiKTeX\tex/generic/pgf/basiclayer\pgfco
reimage.code.tex
File: pgfcoreimage.code.tex 2023-01-15 v3.1.10 (3.1.10)
)
(C:\Users\Graham\AppData\Local\Programs\MiKTeX\tex/generic/pgf/basiclayer\pgfco
reexternal.code.tex
File: pgfcoreexternal.code.tex 2023-01-15 v3.1.10 (3.1.10)
\pgfexternal@startupbox=\box63
)
(C:\Users\Graham\AppData\Local\Programs\MiKTeX\tex/generic/pgf/basiclayer\pgfco
relayers.code.tex
File: pgfcorelayers.code.tex 2023-01-15 v3.1.10 (3.1.10)
)
(C:\Users\Graham\AppData\Local\Programs\MiKTeX\tex/generic/pgf/basiclayer\pgfco
retransparency.code.tex
File: pgfcoretransparency.code.tex 2023-01-15 v3.1.10 (3.1.10)
)
(C:\Users\Graham\AppData\Local\Programs\MiKTeX\tex/generic/pgf/basiclayer\pgfco
repatterns.code.tex
File: pgfcorepatterns.code.tex 2023-01-15 v3.1.10 (3.1.10)
)
(C:\Users\Graham\AppData\Local\Programs\MiKTeX\tex/generic/pgf/basiclayer\pgfco
rerdf.code.tex
File: pgfcorerdf.code.tex 2023-01-15 v3.1.10 (3.1.10)
)))
(C:\Users\Graham\AppData\Local\Programs\MiKTeX\tex/generic/pgf/modules\pgfmodul
eshapes.code.tex
File: pgfmoduleshapes.code.tex 2023-01-15 v3.1.10 (3.1.10)
\pgfnodeparttextbox=\box64
)
(C:\Users\Graham\AppData\Local\Programs\MiKTeX\tex/generic/pgf/modules\pgfmodul
eplot.code.tex
File: pgfmoduleplot.code.tex 2023-01-15 v3.1.10 (3.1.10)
)
(C:\Users\Graham\AppData\Local\Programs\MiKTeX\tex/latex/pgf/compatibility\pgfc
omp-version-0-65.sty
Package: pgfcomp-version-0-65 2023-01-15 v3.1.10 (3.1.10)
\pgf@nodesepstart=\dimen264
\pgf@nodesepend=\dimen265
)
(C:\Users\Graham\AppData\Local\Programs\MiKTeX\tex/latex/pgf/compatibility\pgfc
omp-version-1-18.sty
Package: pgfcomp-version-1-18 2023-01-15 v3.1.10 (3.1.10)
))
(C:\Users\Graham\AppData\Local\Programs\MiKTeX\tex/latex/pgf/utilities\pgffor.s
ty
(C:\Users\Graham\AppData\Local\Programs\MiKTeX\tex/latex/pgf/utilities\pgfkeys.
sty
(C:\Users\Graham\AppData\Local\Programs\MiKTeX\tex/generic/pgf/utilities\pgfkey
s.code.tex))
(C:\Users\Graham\AppData\Local\Programs\MiKTeX\tex/latex/pgf/math\pgfmath.sty
(C:\Users\Graham\AppData\Local\Programs\MiKTeX\tex/generic/pgf/math\pgfmath.cod
e.tex))
(C:\Users\Graham\AppData\Local\Programs\MiKTeX\tex/generic/pgf/utilities\pgffor
.code.tex
Package: pgffor 2023-01-15 v3.1.10 (3.1.10)
\pgffor@iter=\dimen266
\pgffor@skip=\dimen267
\pgffor@stack=\toks41
\pgffor@toks=\toks42
))
(C:\Users\Graham\AppData\Local\Programs\MiKTeX\tex/generic/pgf/frontendlayer/ti
kz\tikz.code.tex
Package: tikz 2023-01-15 v3.1.10 (3.1.10)

(C:\Users\Graham\AppData\Local\Programs\MiKTeX\tex/generic/pgf/libraries\pgflib
raryplothandlers.code.tex
File: pgflibraryplothandlers.code.tex 2023-01-15 v3.1.10 (3.1.10)
\pgf@plot@mark@count=\count337
\pgfplotmarksize=\dimen268
)
\tikz@lastx=\dimen269
\tikz@lasty=\dimen270
\tikz@lastxsaved=\dimen271
\tikz@lastysaved=\dimen272
\tikz@lastmovetox=\dimen273
\tikz@lastmovetoy=\dimen274
\tikzleveldistance=\dimen275
\tikzsiblingdistance=\dimen276
\tikz@figbox=\box65
\tikz@figbox@bg=\box66
\tikz@tempbox=\box67
\tikz@tempbox@bg=\box68
\tikztreelevel=\count338
\tikznumberofchildren=\count339
\tikznumberofcurrentchild=\count340
\tikz@fig@count=\count341

(C:\Users\Graham\AppData\Local\Programs\MiKTeX\tex/generic/pgf/modules\pgfmodul
ematrix.code.tex
File: pgfmodulematrix.code.tex 2023-01-15 v3.1.10 (3.1.10)
\pgfmatrixcurrentrow=\count342
\pgfmatrixcurrentcolumn=\count343
\pgf@matrix@numberofcolumns=\count344
)
\tikz@expandcount=\count345

(C:\Users\Graham\AppData\Local\Programs\MiKTeX\tex/generic/pgf/frontendlayer/ti
kz/libraries\tikzlibrarytopaths.code.tex
File: tikzlibrarytopaths.code.tex 2023-01-15 v3.1.10 (3.1.10)
)))
(C:\Users\Graham\AppData\Local\Programs\MiKTeX\tex/generic/pgf/frontendlayer/ti
kz/libraries\tikzlibraryangles.code.tex
File: tikzlibraryangles.code.tex 2023-01-15 v3.1.10 (3.1.10)
)
(C:\Users\Graham\AppData\Local\Programs\MiKTeX\tex/generic/pgf/frontendlayer/ti
kz/libraries\tikzlibraryarrows.code.tex
File: tikzlibraryarrows.code.tex 2023-01-15 v3.1.10 (3.1.10)

(C:\Users\Graham\AppData\Local\Programs\MiKTeX\tex/generic/pgf/libraries\pgflib
raryarrows.code.tex
File: pgflibraryarrows.code.tex 2023-01-15 v3.1.10 (3.1.10)
\arrowsize=\dimen277
))
(C:\Users\Graham\AppData\Local\Programs\MiKTeX\tex/generic/pgf/frontendlayer/ti
kz/libraries\tikzlibraryquotes.code.tex
File: tikzlibraryquotes.code.tex 2023-01-15 v3.1.10 (3.1.10)
)
(C:\Users\Graham\AppData\Local\Programs\MiKTeX\tex/generic/pgf/frontendlayer/ti
kz/libraries\tikzlibrarydecorations.pathmorphing.code.tex
(C:\Users\Graham\AppData\Local\Programs\MiKTeX\tex/generic/pgf/frontendlayer/ti
kz/libraries\tikzlibrarydecorations.code.tex
(C:\Users\Graham\AppData\Local\Programs\MiKTeX\tex/generic/pgf/modules\pgfmodul
edecorations.code.tex
\pgfdecoratedcompleteddistance=\dimen278
\pgfdecoratedremainingdistance=\dimen279
\pgfdecoratedinputsegmentcompleteddistance=\dimen280
\pgfdecoratedinputsegmentremainingdistance=\dimen281
\pgf@decorate@distancetomove=\dimen282
\pgf@decorate@repeatstate=\count346
\pgfdecorationsegmentamplitude=\dimen283
\pgfdecorationsegmentlength=\dimen284
)
\tikz@lib@dec@box=\box69
)
(C:\Users\Graham\AppData\Local\Programs\MiKTeX\tex/generic/pgf/libraries/decora
tions\pgflibrarydecorations.pathmorphing.code.tex))
(C:\Users\Graham\AppData\Local\Programs\MiKTeX\tex/generic/pgf/frontendlayer/ti
kz/libraries\tikzlibrarydecorations.pathreplacing.code.tex
(C:\Users\Graham\AppData\Local\Programs\MiKTeX\tex/generic/pgf/libraries/decora
tions\pgflibrarydecorations.pathreplacing.code.tex))
(C:\Users\Graham\AppData\Local\Programs\MiKTeX\tex/generic/pgf/frontendlayer/ti
kz/libraries\tikzlibrarypatterns.code.tex
File: tikzlibrarypatterns.code.tex 2023-01-15 v3.1.10 (3.1.10)

(C:\Users\Graham\AppData\Local\Programs\MiKTeX\tex/generic/pgf/libraries\pgflib
rarypatterns.code.tex
File: pgflibrarypatterns.code.tex 2023-01-15 v3.1.10 (3.1.10)
))
(C:\Users\Graham\AppData\Local\Programs\MiKTeX\tex/generic/pgf/frontendlayer/ti
kz/libraries\tikzlibrarypatterns.meta.code.tex
(C:\Users\Graham\AppData\Local\Programs\MiKTeX\tex/generic/pgf/libraries\pgflib
rarypatterns.meta.code.tex))
(C:\Users\Graham\AppData\Local\Programs\MiKTeX\tex/latex/geometry\geometry.sty
Package: geometry 2020/01/02 v5.9 Page Geometry

(C:\Users\Graham\AppData\Local\Programs\MiKTeX\tex/generic/iftex\ifvtex.sty
Package: ifvtex 2019/10/25 v1.7 ifvtex legacy package. Use iftex instead.
)
\Gm@cnth=\count347
\Gm@cntv=\count348
\c@Gm@tempcnt=\count349
\Gm@bindingoffset=\dimen285
\Gm@wd@mp=\dimen286
\Gm@odd@mp=\dimen287
\Gm@even@mp=\dimen288
\Gm@layoutwidth=\dimen289
\Gm@layoutheight=\dimen290
\Gm@layouthoffset=\dimen291
\Gm@layoutvoffset=\dimen292
\Gm@dimlist=\toks43

(C:\Users\Graham\AppData\Local\Programs\MiKTeX\tex/latex/geometry\geometry.cfg)
) (C:\Users\Graham\AppData\Local\Programs\MiKTeX\tex/latex/parskip\parskip.sty
Package: parskip 2021-03-14 v2.0h non-zero parskip adjustments
)
(C:\Users\Graham\AppData\Local\Programs\MiKTeX\tex/latex/emptypage\emptypage.st
y
Package: emptypage 2010/05/30 v1.2 Suppress page numbers and headings on empty 
pages
)
(C:\Users\Graham\AppData\Local\Programs\MiKTeX\tex/latex/caption\subcaption.sty
Package: subcaption 2023/07/28 v1.6b Sub-captions (AR)
(C:\Users\Graham\AppData\Local\Programs\MiKTeX\tex/latex/caption\caption.sty
Package: caption 2023/08/05 v3.6o Customizing captions (AR)

(C:\Users\Graham\AppData\Local\Programs\MiKTeX\tex/latex/caption\caption3.sty
Package: caption3 2023/07/31 v2.4d caption3 kernel (AR)
\caption@tempdima=\dimen293
\captionmargin=\dimen294
\caption@leftmargin=\dimen295
\caption@rightmargin=\dimen296
\caption@width=\dimen297
\caption@indent=\dimen298
\caption@parindent=\dimen299
\caption@hangindent=\dimen300
Package caption Info: Standard document class detected.
)
\c@caption@flags=\count350
\c@continuedfloat=\count351
Package caption Info: float package is loaded.
Package caption Info: hyperref package is loaded.
)
Package caption Info: New subtype `subfigure' on input line 238.
\c@subfigure=\count352
Package caption Info: New subtype `subtable' on input line 238.
\c@subtable=\count353
) (C:\Users\Graham\AppData\Local\Programs\MiKTeX\tex/latex/tools\multicol.sty
Package: multicol 2024/09/14 v1.9i multicolumn formatting (FMi)
\c@tracingmulticols=\count354
\mult@box=\box70
\multicol@leftmargin=\dimen301
\c@unbalance=\count355
\c@collectmore=\count356
\doublecol@number=\count357
\multicoltolerance=\count358
\multicolpretolerance=\count359
\full@width=\dimen302
\page@free=\dimen303
\premulticols=\dimen304
\postmulticols=\dimen305
\multicolsep=\skip60
\multicolbaselineskip=\skip61
\partial@page=\box71
\last@line=\box72
\mc@boxedresult=\box73
\maxbalancingoverflow=\dimen306
\mult@rightbox=\box74
\mult@grightbox=\box75
\mult@firstbox=\box76
\mult@gfirstbox=\box77
\@tempa=\box78
\@tempa=\box79
\@tempa=\box80
\@tempa=\box81
\@tempa=\box82
\@tempa=\box83
\@tempa=\box84
\@tempa=\box85
\@tempa=\box86
\@tempa=\box87
\@tempa=\box88
\@tempa=\box89
\@tempa=\box90
\@tempa=\box91
\@tempa=\box92
\@tempa=\box93
\@tempa=\box94
\@tempa=\box95
\@tempa=\box96
\@tempa=\box97
\@tempa=\box98
\@tempa=\box99
\@tempa=\box100
\@tempa=\box101
\@tempa=\box102
\@tempa=\box103
\@tempa=\box104
\@tempa=\box105
\@tempa=\box106
\@tempa=\box107
\@tempa=\box108
\@tempa=\box109
\@tempa=\box110
\@tempa=\box111
\@tempa=\box112
\@tempa=\box113
\c@minrows=\count360
\c@columnbadness=\count361
\c@finalcolumnbadness=\count362
\last@try=\dimen307
\multicolovershoot=\dimen308
\multicolundershoot=\dimen309
\mult@nat@firstbox=\box114
\colbreak@box=\box115
\mc@col@check@num=\count363
)
(C:\Users\Graham\AppData\Local\Programs\MiKTeX\tex/latex/amsmath\amsmath.sty
Package: amsmath 2024/11/05 v2.17t AMS math features
\@mathmargin=\skip62

For additional information on amsmath, use the `?' option.
(C:\Users\Graham\AppData\Local\Programs\MiKTeX\tex/latex/amsmath\amstext.sty
Package: amstext 2021/08/26 v2.01 AMS text

(C:\Users\Graham\AppData\Local\Programs\MiKTeX\tex/latex/amsmath\amsgen.sty
File: amsgen.sty 1999/11/30 v2.0 generic functions
\@emptytoks=\toks44
\ex@=\dimen310
))
(C:\Users\Graham\AppData\Local\Programs\MiKTeX\tex/latex/amsmath\amsbsy.sty
Package: amsbsy 1999/11/29 v1.2d Bold Symbols
\pmbraise@=\dimen311
)
(C:\Users\Graham\AppData\Local\Programs\MiKTeX\tex/latex/amsmath\amsopn.sty
Package: amsopn 2022/04/08 v2.04 operator names
)
\inf@bad=\count364
LaTeX Info: Redefining \frac on input line 233.
\uproot@=\count365
\leftroot@=\count366
LaTeX Info: Redefining \overline on input line 398.
LaTeX Info: Redefining \colon on input line 409.
\classnum@=\count367
\DOTSCASE@=\count368
LaTeX Info: Redefining \ldots on input line 495.
LaTeX Info: Redefining \dots on input line 498.
LaTeX Info: Redefining \cdots on input line 619.
\Mathstrutbox@=\box116
\strutbox@=\box117
LaTeX Info: Redefining \big on input line 721.
LaTeX Info: Redefining \Big on input line 722.
LaTeX Info: Redefining \bigg on input line 723.
LaTeX Info: Redefining \Bigg on input line 724.
\big@size=\dimen312
LaTeX Font Info:    Redeclaring font encoding OML on input line 742.
LaTeX Font Info:    Redeclaring font encoding OMS on input line 743.
\macc@depth=\count369
LaTeX Info: Redefining \bmod on input line 904.
LaTeX Info: Redefining \pmod on input line 909.
LaTeX Info: Redefining \smash on input line 939.
LaTeX Info: Redefining \relbar on input line 969.
LaTeX Info: Redefining \Relbar on input line 970.
\c@MaxMatrixCols=\count370
\dotsspace@=\muskip18
\c@parentequation=\count371
\dspbrk@lvl=\count372
\tag@help=\toks45
\row@=\count373
\column@=\count374
\maxfields@=\count375
\andhelp@=\toks46
\eqnshift@=\dimen313
\alignsep@=\dimen314
\tagshift@=\dimen315
\tagwidth@=\dimen316
\totwidth@=\dimen317
\lineht@=\dimen318
\@envbody=\toks47
\multlinegap=\skip63
\multlinetaggap=\skip64
\mathdisplay@stack=\toks48
LaTeX Info: Redefining \[ on input line 2953.
LaTeX Info: Redefining \] on input line 2954.
)
(C:\Users\Graham\AppData\Local\Programs\MiKTeX\tex/latex/amsfonts\amsfonts.sty
Package: amsfonts 2013/01/14 v3.01 Basic AMSFonts support
\symAMSa=\mathgroup4
\symAMSb=\mathgroup5
LaTeX Font Info:    Redeclaring math symbol \hbar on input line 98.
LaTeX Font Info:    Overwriting math alphabet `\mathfrak' in version `bold'
(Font)                  U/euf/m/n --> U/euf/b/n on input line 106.
)
(C:\Users\Graham\AppData\Local\Programs\MiKTeX\tex/latex/mathtools\mathtools.st
y
Package: mathtools 2024/10/04 v1.31 mathematical typesetting tools
 (C:\Users\Graham\AppData\Local\Programs\MiKTeX\tex/latex/tools\calc.sty
Package: calc 2023/07/08 v4.3 Infix arithmetic (KKT,FJ)
\calc@Acount=\count376
\calc@Bcount=\count377
\calc@Adimen=\dimen319
\calc@Bdimen=\dimen320
\calc@Askip=\skip65
\calc@Bskip=\skip66
LaTeX Info: Redefining \setlength on input line 80.
LaTeX Info: Redefining \addtolength on input line 81.
\calc@Ccount=\count378
\calc@Cskip=\skip67
)
(C:\Users\Graham\AppData\Local\Programs\MiKTeX\tex/latex/mathtools\mhsetup.sty
Package: mhsetup 2021/03/18 v1.4 programming setup (MH)
)
\g_MT_multlinerow_int=\count379
\l_MT_multwidth_dim=\dimen321
\origjot=\skip68
\l_MT_shortvdotswithinadjustabove_dim=\dimen322
\l_MT_shortvdotswithinadjustbelow_dim=\dimen323
\l_MT_above_intertext_sep=\dimen324
\l_MT_below_intertext_sep=\dimen325
\l_MT_above_shortintertext_sep=\dimen326
\l_MT_below_shortintertext_sep=\dimen327
\xmathstrut@box=\box118
\xmathstrut@dim=\dimen328
) (C:\Users\Graham\AppData\Local\Programs\MiKTeX\tex/latex/amscls\amsthm.sty
Package: amsthm 2020/05/29 v2.20.6
\thm@style=\toks49
\thm@bodyfont=\toks50
\thm@headfont=\toks51
\thm@notefont=\toks52
\thm@headpunct=\toks53
\thm@preskip=\skip69
\thm@postskip=\skip70
\thm@headsep=\skip71
\dth@everypar=\toks54
)
(C:\Users\Graham\AppData\Local\Programs\MiKTeX\tex/latex/amsfonts\amssymb.sty
Package: amssymb 2013/01/14 v3.01 AMS font symbols
)
(C:\Users\Graham\AppData\Local\Programs\MiKTeX\tex/latex/jknappen\mathrsfs.sty
Package: mathrsfs 1996/01/01 Math RSFS package v1.0 (jk)
\symrsfs=\mathgroup6
) (C:\Users\Graham\AppData\Local\Programs\MiKTeX\tex/latex/cancel\cancel.sty
Package: cancel 2013/04/12 v2.2 Cancel math terms
)
(C:\Users\Graham\AppData\Local\Programs\MiKTeX\tex/latex/tools\bm.sty
Package: bm 2023/12/19 v1.2f Bold Symbol Support (DPC/FMi)
\symboldoperators=\mathgroup7
\symboldletters=\mathgroup8
\symboldsymbols=\mathgroup9
Package bm Info: No bold for \OMX/ccex/m/n, using \pmb.
Package bm Info: No bold for \U/msa/m/n, using \pmb.
Package bm Info: No bold for \U/msb/m/n, using \pmb.
Package bm Info: No bold for \U/rsfs/m/n, using \pmb.
LaTeX Font Info:    Redeclaring math alphabet \mathbf on input line 149.
)
(C:\Users\Graham\AppData\Local\Programs\MiKTeX\tex/latex/systeme\systeme.sty
(C:\Users\Graham\AppData\Local\Programs\MiKTeX\tex/latex/xstring\xstring.sty
(C:\Users\Graham\AppData\Local\Programs\MiKTeX\tex/generic/xstring\xstring.tex
\xs_counta=\count380
\xs_countb=\count381
)
Package: xstring 2023/08/22 v1.86 String manipulations (CT)
)
(C:\Users\Graham\AppData\Local\Programs\MiKTeX\tex/generic/systeme\systeme.tex
\SYS_code_toks=\toks55
\SYS_preamble_toks=\toks56
\SYSeqnum=\count382
)
Package: systeme 2025/02/16 v0.35 Mise en forme de systemes d'equations (CT)
)
(C:\Users\Graham\AppData\Local\Programs\MiKTeX\tex/latex/stmaryrd\stmaryrd.sty
Package: stmaryrd 1994/03/03 St Mary's Road symbol package
\symstmry=\mathgroup10
LaTeX Font Info:    Overwriting symbol font `stmry' in version `bold'
(Font)                  U/stmry/m/n --> U/stmry/b/n on input line 89.
) (C:\Users\Graham\AppData\Local\Programs\MiKTeX\tex/latex/thmtools\thmtools.st
y
Package: thmtools 2023/05/04 v0.76
\thmt@toks=\toks57
\c@thmt@dummyctr=\count383

(C:\Users\Graham\AppData\Local\Programs\MiKTeX\tex/latex/thmtools\thm-patch.sty
Package: thm-patch 2023/05/04 v0.76

(C:\Users\Graham\AppData\Local\Programs\MiKTeX\tex/latex/thmtools\parseargs.sty
Package: parseargs 2023/05/04 v0.76
\@parsespec=\toks58
)) (C:\Users\Graham\AppData\Local\Programs\MiKTeX\tex/latex/thmtools\thm-kv.sty
Package: thm-kv 2023/05/04 v0.76
Package thm-kv Info: Theorem names will be uppercased on input line 42.
Package thm-kv Info: kvsetkeys patch (v1.16 or later) on input line 158.
)
(C:\Users\Graham\AppData\Local\Programs\MiKTeX\tex/latex/thmtools\thm-autoref.s
ty
Package: thm-autoref 2023/05/04 v0.76

(C:\Users\Graham\AppData\Local\Programs\MiKTeX\tex/latex/thmtools\aliasctr.sty
Package: aliasctr 2023/05/04 v0.76
))
(C:\Users\Graham\AppData\Local\Programs\MiKTeX\tex/latex/thmtools\thm-listof.st
y
Package: thm-listof 2023/05/04 v0.76
)
(C:\Users\Graham\AppData\Local\Programs\MiKTeX\tex/latex/thmtools\thm-restate.s
ty
Package: thm-restate 2023/05/04 v0.76
)
(C:\Users\Graham\AppData\Local\Programs\MiKTeX\tex/latex/thmtools\thm-amsthm.st
y
Package: thm-amsthm 2023/05/04 v0.76
\thmt@style@headstyle=\toks59
))
(C:\Users\Graham\AppData\Local\Programs\MiKTeX\tex/latex/cleveref\cleveref.sty
Package: cleveref 2018/03/27 v0.21.4 Intelligent cross-referencing
Package cleveref Info: `hyperref' support loaded on input line 2370.
LaTeX Info: Redefining \cref on input line 2370.
LaTeX Info: Redefining \Cref on input line 2370.
LaTeX Info: Redefining \crefrange on input line 2370.
LaTeX Info: Redefining \Crefrange on input line 2370.
LaTeX Info: Redefining \cpageref on input line 2370.
LaTeX Info: Redefining \Cpageref on input line 2370.
LaTeX Info: Redefining \cpagerefrange on input line 2370.
LaTeX Info: Redefining \Cpagerefrange on input line 2370.
LaTeX Info: Redefining \labelcref on input line 2370.
LaTeX Info: Redefining \labelcpageref on input line 2370.
Package cleveref Info: `amsthm' support loaded on input line 3026.
)
Package thmtools Info: Automatically pulling in `thmdef-thmbox' on input line 1
15.

(C:\Users\Graham\AppData\Local\Programs\MiKTeX\tex/latex/thmtools\thmdef-thmbox
.sty
Package: thmdef-thmbox 2023/05/04 v0.76
)
(C:\Users\Graham\AppData\Local\Programs\MiKTeX\tex/latex/thmbox\thmbox.sty
Package: thmbox 2005/04/24 v2.0 fancy theorem outlining
\thmbox@leftmargin=\dimen329
\thmbox@rightmargin=\dimen330
\thmbox@hskip=\dimen331
\thmbox@vskip=\dimen332
\thmbox@thickness=\dimen333
\thmbox@box=\box119
\thmbox@box@=\box120
\thmbox@dim=\dimen334
)
\c@definition=\count384
\c@exercise=\count385
\c@solution=\count386

(C:\Users\Graham\AppData\Local\Programs\MiKTeX\tex/latex/xifthen\xifthen.sty
Package: xifthen 2015/11/05 v1.4.0 Extended ifthen features

(C:\Users\Graham\AppData\Local\Programs\MiKTeX\tex/latex/base\ifthen.sty
Package: ifthen 2024/03/16 v1.1e Standard LaTeX ifthen package (DPC)
)
(C:\Users\Graham\AppData\Local\Programs\MiKTeX\tex/latex/ifmtarg\ifmtarg.sty
Package: ifmtarg 2018/04/16 v1.2b check for an empty argument
))
(C:\Users\Graham\AppData\Local\Programs\MiKTeX\tex/latex/fancyhdr\fancyhdr.sty
Package: fancyhdr 2025/02/07 v5.2 Extensive control of page headers and footers

\f@nch@headwidth=\skip72
\f@nch@offset@elh=\skip73
\f@nch@offset@erh=\skip74
\f@nch@offset@olh=\skip75
\f@nch@offset@orh=\skip76
\f@nch@offset@elf=\skip77
\f@nch@offset@erf=\skip78
\f@nch@offset@olf=\skip79
\f@nch@offset@orf=\skip80
\f@nch@height=\skip81
\f@nch@footalignment=\skip82
\f@nch@widthL=\skip83
\f@nch@widthC=\skip84
\f@nch@widthR=\skip85
\@temptokenb=\toks60
)
(C:\Users\Graham\AppData\Local\Programs\MiKTeX\tex/latex/todonotes\todonotes.st
y
Package: todonotes 2024/01/05 v1.1.7 Todonotes source and documentation.
Package: todonotes 2024/01/05
 (C:\Users\Graham\AppData\Local\Programs\MiKTeX\tex/latex/xkeyval\xkeyval.sty
Package: xkeyval 2022/06/16 v2.9 package option processing (HA)

(C:\Users\Graham\AppData\Local\Programs\MiKTeX\tex/generic/xkeyval\xkeyval.tex
(C:\Users\Graham\AppData\Local\Programs\MiKTeX\tex/generic/xkeyval\xkvutils.tex
\XKV@toks=\toks61
\XKV@tempa@toks=\toks62
)
\XKV@depth=\count387
File: xkeyval.tex 2014/12/03 v2.7a key=value parser (HA)
))
(C:\Users\Graham\AppData\Local\Programs\MiKTeX\tex/generic/pgf/frontendlayer/ti
kz/libraries\tikzlibrarypositioning.code.tex
File: tikzlibrarypositioning.code.tex 2023-01-15 v3.1.10 (3.1.10)
)
\c@@todonotes@numberoftodonotes=\count388
)
(C:\Users\Graham\AppData\Local\Programs\MiKTeX\tex/latex/tcolorbox\tcolorbox.st
y
Package: tcolorbox 2024/10/22 version 6.4.1 text color boxes
 (C:\Users\Graham\AppData\Local\Programs\MiKTeX\tex/latex/tools\verbatim.sty
Package: verbatim 2024-01-22 v1.5x LaTeX2e package for verbatim enhancements
\every@verbatim=\toks63
\verbatim@line=\toks64
\verbatim@in@stream=\read4
)
(C:\Users\Graham\AppData\Local\Programs\MiKTeX\tex/latex/environ\environ.sty
Package: environ 2014/05/04 v0.3 A new way to define environments

(C:\Users\Graham\AppData\Local\Programs\MiKTeX\tex/latex/trimspaces\trimspaces.
sty
Package: trimspaces 2009/09/17 v1.1 Trim spaces around a token list
))
\tcb@titlebox=\box121
\tcb@upperbox=\box122
\tcb@lowerbox=\box123
\tcb@phantombox=\box124
\c@tcbbreakpart=\count389
\c@tcblayer=\count390
\c@tcolorbox@number=\count391
\l__tcobox_tmpa_box=\box125
\l__tcobox_tmpa_dim=\dimen335
\tcb@temp=\box126
\tcb@temp=\box127
\tcb@temp=\box128
\tcb@temp=\box129
)
(C:\Users\Graham\AppData\Local\Programs\MiKTeX\tex/latex/marginnote\marginnote.
sty
Package: marginnote 2018/08/09 1.4b non floating margin notes for LaTeX
\c@mn@abspage=\count392
)
(C:\Users\Graham\AppData\Local\Programs\MiKTeX\tex/latex/tcolorbox\tcbbreakable
.code.tex
Library (tcolorbox): 'tcbbreakable.code.tex' version '6.4.1'
(C:\Users\Graham\AppData\Local\Programs\MiKTeX\tex/latex/pdfcol\pdfcol.sty
Package: pdfcol 2022-09-21 v1.7 Handle new color stacks for pdfTeX (HO)
)
Package pdfcol Info: New color stack `tcb@breakable' = 1 on input line 23.
\tcb@testbox=\box130
\tcb@totalupperbox=\box131
\tcb@totallowerbox=\box132
)
\c@daggerfootnote=\count393

(C:\Users\Graham\AppData\Local\Programs\MiKTeX\tex/latex/import\import.sty
Package: import 2020/04/01  v 6.2
)
(C:\Users\Graham\AppData\Local\Programs\MiKTeX\tex/latex/pdfpages\pdfpages.sty
Package: pdfpages 2025/01/30 v0.6e Insert pages of external PDF documents (AM)

(C:\Users\Graham\AppData\Local\Programs\MiKTeX\tex/latex/eso-pic\eso-pic.sty
Package: eso-pic 2023/05/03 v3.0c eso-pic (RN)
\ESO@tempdima=\dimen336
\ESO@tempdimb=\dimen337
)
\AM@pagewidth=\dimen338
\AM@pageheight=\dimen339
\AM@fboxrule=\dimen340

(C:\Users\Graham\AppData\Local\Programs\MiKTeX\tex/latex/pdfpages\pppdftex.def
File: pppdftex.def 2025/01/30 v0.6e Pdfpages driver for pdfTeX (AM)
)
\pdfpages@includegraphics@status=\count394
\AM@pagebox=\box133
\AM@global@opts=\toks65
\AM@pagecnt=\count395
\AM@toc@title=\toks66
\AM@lof@heading=\toks67
\c@AM@survey=\count396
\AM@templatesizebox=\box134
)
(C:\Users\Graham\AppData\Local\Programs\MiKTeX\tex/latex/transparent\transparen
t.sty
Package: transparent 2022-10-27 v1.5 Transparency with color stacks

(C:\Users\Graham\AppData\Local\Programs\MiKTeX\tex/latex/transparent\transparen
t-nometadata.sty
Package: transparent-nometadata 2022-10-27 v1.5 Transparency via pdfTeX's color
 stack (HO)

(C:\Users\Graham\AppData\Local\Programs\MiKTeX\tex/latex/auxhook\auxhook.sty
Package: auxhook 2019-12-17 v1.6 Hooks for auxiliary files (HO)
))) (C:\Users\Graham\AppData\Local\Programs\MiKTeX\tex/latex/physics\physics.st
y
Package: physics 

(C:\Users\Graham\AppData\Local\Programs\MiKTeX\tex/latex/l3packages/xparse\xpar
se.sty
(C:\Users\Graham\AppData\Local\Programs\MiKTeX\tex/latex/l3kernel\expl3.sty
Package: expl3 2025-01-18 L3 programming layer (loader) 

(C:\Users\Graham\AppData\Local\Programs\MiKTeX\tex/latex/l3backend\l3backend-pd
ftex.def
File: l3backend-pdftex.def 2024-05-08 L3 backend support: PDF output (pdfTeX)
\l__color_backend_stack_int=\count397
\l__pdf_internal_box=\box135
))
Package: xparse 2024-08-16 L3 Experimental document command parser
))
(C:\Users\Graham\AppData\Local\Programs\MiKTeX\tex/latex/carlisle\slashed.sty
Package: slashed 1997/01/16 v0.01 Feynman Slashed Character Notation (DPC)
))
(C:\Users\Graham\AppData\Local\Programs\MiKTeX\tex/latex/doublestroke\dsfont.st
y
Package: dsfont 1995/08/01 v0.1 Double stroke roman fonts
)
(C:\Users\Graham\AppData\Local\Programs\MiKTeX\tex/latex/tikz-feynman\tikz-feyn
man.sty
Package: tikz-feynman 2016/02/05v1.1.0Feynman diagrams with TikZ

(C:\Users\Graham\AppData\Local\Programs\MiKTeX\tex/generic/iftex\ifluatex.sty
Package: ifluatex 2019/10/25 v1.5 ifluatex legacy package. Use iftex instead.
)
(C:\Users\Graham\AppData\Local\Programs\MiKTeX\tex/latex/pgfopts\pgfopts.sty
Package: pgfopts 2014/07/10 v2.1a LaTeX package options with pgfkeys
\pgfopts@list@add@a@toks=\toks68
\pgfopts@list@add@b@toks=\toks69
)
(C:\Users\Graham\AppData\Local\Programs\MiKTeX\tex/latex/tikz-feynman\tikzlibra
ryfeynman.code.tex
(C:\Users\Graham\AppData\Local\Programs\MiKTeX\tex/generic/pgf/libraries\pgflib
raryarrows.meta.code.tex
File: pgflibraryarrows.meta.code.tex 2023-01-15 v3.1.10 (3.1.10)
\pgfarrowinset=\dimen341
\pgfarrowlength=\dimen342
\pgfarrowwidth=\dimen343
\pgfarrowlinewidth=\dimen344
)
(C:\Users\Graham\AppData\Local\Programs\MiKTeX\tex/generic/pgf/frontendlayer/ti
kz/libraries\tikzlibrarycalc.code.tex
File: tikzlibrarycalc.code.tex 2023-01-15 v3.1.10 (3.1.10)
)
(C:\Users\Graham\AppData\Local\Programs\MiKTeX\tex/generic/pgf/frontendlayer/ti
kz/libraries\tikzlibrarydecorations.markings.code.tex
(C:\Users\Graham\AppData\Local\Programs\MiKTeX\tex/generic/pgf/libraries/decora
tions\pgflibrarydecorations.markings.code.tex))
(C:\Users\Graham\AppData\Local\Programs\MiKTeX\tex/generic/pgf/frontendlayer/ti
kz/libraries/graphs\tikzlibrarygraphs.code.tex
File: tikzlibrarygraphs.code.tex 2023-01-15 v3.1.10 (3.1.10)
\tikz@lib@auto@number=\count398
\tikz@qnode@count=\count399
)
(C:\Users\Graham\AppData\Local\Programs\MiKTeX\tex/generic/pgf/frontendlayer/ti
kz/libraries\tikzlibraryshapes.geometric.code.tex
File: tikzlibraryshapes.geometric.code.tex 2023-01-15 v3.1.10 (3.1.10)

(C:\Users\Graham\AppData\Local\Programs\MiKTeX\tex/generic/pgf/libraries/shapes
\pgflibraryshapes.geometric.code.tex
File: pgflibraryshapes.geometric.code.tex 2023-01-15 v3.1.10 (3.1.10)
))
(C:\Users\Graham\AppData\Local\Programs\MiKTeX\tex/latex/tikz-feynman\tikzfeynm
an.keys.code.tex))) (tdgl_doc.aux)
\openout1 = `tdgl_doc.aux'.

LaTeX Font Info:    Checking defaults for OML/cmm/m/it on input line 30.
LaTeX Font Info:    ... okay on input line 30.
LaTeX Font Info:    Checking defaults for OMS/cmsy/m/n on input line 30.
LaTeX Font Info:    ... okay on input line 30.
LaTeX Font Info:    Checking defaults for OT1/cmr/m/n on input line 30.
LaTeX Font Info:    ... okay on input line 30.
LaTeX Font Info:    Checking defaults for T1/cmr/m/n on input line 30.
LaTeX Font Info:    ... okay on input line 30.
LaTeX Font Info:    Checking defaults for TS1/cmr/m/n on input line 30.
LaTeX Font Info:    ... okay on input line 30.
LaTeX Font Info:    Checking defaults for OMX/cmex/m/n on input line 30.
LaTeX Font Info:    ... okay on input line 30.
LaTeX Font Info:    Checking defaults for U/cmr/m/n on input line 30.
LaTeX Font Info:    ... okay on input line 30.
LaTeX Font Info:    Checking defaults for PD1/pdf/m/n on input line 30.
LaTeX Font Info:    ... okay on input line 30.
LaTeX Font Info:    Checking defaults for PU/pdf/m/n on input line 30.
LaTeX Font Info:    ... okay on input line 30.

(C:\Users\Graham\AppData\Local\Programs\MiKTeX\tex/context/base/mkii\supp-pdf.m
kii
[Loading MPS to PDF converter (version 2006.09.02).]
\scratchcounter=\count400
\scratchdimen=\dimen345
\scratchbox=\box136
\nofMPsegments=\count401
\nofMParguments=\count402
\everyMPshowfont=\toks70
\MPscratchCnt=\count403
\MPscratchDim=\dimen346
\MPnumerator=\count404
\makeMPintoPDFobject=\count405
\everyMPtoPDFconversion=\toks71
)
(C:\Users\Graham\AppData\Local\Programs\MiKTeX\tex/latex/epstopdf-pkg\epstopdf-
base.sty
Package: epstopdf-base 2020-01-24 v2.11 Base part for package epstopdf
Package epstopdf-base Info: Redefining graphics rule for `.eps' on input line 4
85.

(C:\Users\Graham\AppData\Local\Programs\MiKTeX\tex/latex/00miktex\epstopdf-sys.
cfg
File: epstopdf-sys.cfg 2021/03/18 v2.0 Configuration of epstopdf for MiKTeX
))
Package hyperref Info: Link coloring ON on input line 30.
 (tdgl_doc.out) (tdgl_doc.out)
\@outlinefile=\write4
\openout4 = `tdgl_doc.out'.


*geometry* driver: auto-detecting
*geometry* detected driver: pdftex
*geometry* verbose mode - [ preamble ] result:
* driver: pdftex
* paper: letterpaper
* layout: <same size as paper>
* layoutoffset:(h,v)=(0.0pt,0.0pt)
* hratio: 1:1
* vratio: 1:1
* bindingoffset: 14.45377pt
* modes: twoside 
* h-part:(L,W,R)=(56.9055pt, 368.57744pt, 174.35829pt)
* v-part:(T,H,B)=(71.13188pt, 666.9326pt, 56.9055pt)
* \paperwidth=614.295pt
* \paperheight=794.96999pt
* \textwidth=368.57744pt
* \textheight=666.9326pt
* \oddsidemargin=-0.91072pt
* \evensidemargin=102.0883pt
* \topmargin=-38.1381pt
* \headheight=12.0pt
* \headsep=25.0pt
* \topskip=10.0pt
* \footskip=30.0pt
* \marginparwidth=130.08621pt
* \marginparsep=15.74983pt
* \columnsep=10.0pt
* \skip\footins=9.0pt plus 4.0pt minus 2.0pt
* \hoffset=0.0pt
* \voffset=0.0pt
* \mag=1000
* \@twocolumnfalse
* \@twosidetrue
* \@mparswitchtrue
* \@reversemarginfalse
* (1in=72.27pt=25.4mm, 1cm=28.453pt)

Couldn't patch \deferred@thm@head!
Package caption Info: Begin \AtBeginDocument code.
Package caption Info: End \AtBeginDocument code.

(C:\Users\Graham\AppData\Local\Programs\MiKTeX\tex/latex/pdflscape\pdflscape.st
y
Package: pdflscape 2022-10-27 v0.13 Display of landscape pages in PDF

(C:\Users\Graham\AppData\Local\Programs\MiKTeX\tex/latex/pdflscape\pdflscape-no
metadata.sty
Package: pdflscape-nometadata 2022-10-28 v0.13 Display of landscape pages in PD
F (HO)

(C:\Users\Graham\AppData\Local\Programs\MiKTeX\tex/latex/graphics\lscape.sty
Package: lscape 2020/05/28 v3.02 Landscape Pages (DPC)
)
Package pdflscape Info: Auto-detected driver: pdftex on input line 81.
))

Package tikz-feynman Warning: LuaTeX is required if you wish to have vertices a
utomatically placed. You can disable this warning by setting /tikzfeynman/warn 
luatex=false on input line 30.


Package tikz-feynman Warning: The preamble requested version 1.0.0, but the sys
tem version is 1.1.0. This may change some diagrams. on input line 30.

LaTeX Font Info:    Trying to load font information for OT1+ccr on input line 3
1.
(C:\Users\Graham\AppData\Local\Programs\MiKTeX\tex/latex/concmath\ot1ccr.fd
File: ot1ccr.fd 1999/03/10 v2.0b LaTeX font defs for Concrete math fonts
)
LaTeX Font Info:    Trying to load font information for OML+ccm on input line 3
1.

(C:\Users\Graham\AppData\Local\Programs\MiKTeX\tex/latex/concmath\omlccm.fd
File: omlccm.fd 1999/03/10 v2.0b LaTeX font defs for Concrete math fonts
)
LaTeX Font Info:    Trying to load font information for OMS+ccsy on input line 
31.

(C:\Users\Graham\AppData\Local\Programs\MiKTeX\tex/latex/concmath\omsccsy.fd
File: omsccsy.fd 1999/03/10 v2.0b LaTeX font defs for Concrete math fonts
)
LaTeX Font Info:    Trying to load font information for OMX+ccex on input line 
31.

(C:\Users\Graham\AppData\Local\Programs\MiKTeX\tex/latex/concmath\omxccex.fd
File: omxccex.fd 1999/03/10 v2.0b LaTeX font defs for Concrete math fonts
)
LaTeX Font Info:    External font `xccex10' loaded for size
(Font)              <12> on input line 31.
LaTeX Font Info:    External font `xccex10' loaded for size
(Font)              <8> on input line 31.
LaTeX Font Info:    External font `xccex10' loaded for size
(Font)              <6> on input line 31.
LaTeX Font Info:    Trying to load font information for U+msa on input line 31.


(C:\Users\Graham\AppData\Local\Programs\MiKTeX\tex/latex/amsfonts\umsa.fd
File: umsa.fd 2013/01/14 v3.01 AMS symbols A
)
LaTeX Font Info:    Trying to load font information for U+msb on input line 31.


(C:\Users\Graham\AppData\Local\Programs\MiKTeX\tex/latex/amsfonts\umsb.fd
File: umsb.fd 2013/01/14 v3.01 AMS symbols B
)
LaTeX Font Info:    Trying to load font information for U+rsfs on input line 31
.

(C:\Users\Graham\AppData\Local\Programs\MiKTeX\tex/latex/jknappen\ursfs.fd
File: ursfs.fd 1998/03/24 rsfs font definition file (jk)
)
LaTeX Font Info:    Font shape `OT1/ccr/bx/n' in size <12> not available
(Font)              Font shape `OT1/cmr/bx/n' tried instead on input line 31.
LaTeX Font Info:    Font shape `OT1/ccr/bx/n' in size <8> not available
(Font)              Font shape `OT1/cmr/bx/n' tried instead on input line 31.
LaTeX Font Info:    Font shape `OT1/ccr/bx/n' in size <6> not available
(Font)              Font shape `OT1/cmr/bx/n' tried instead on input line 31.
LaTeX Font Info:    Font shape `OML/ccm/b/it' in size <12> not available
(Font)              Font shape `OML/cmm/b/it' tried instead on input line 31.
LaTeX Font Info:    Font shape `OML/ccm/b/it' in size <8> not available
(Font)              Font shape `OML/cmm/b/it' tried instead on input line 31.
LaTeX Font Info:    Font shape `OML/ccm/b/it' in size <6> not available
(Font)              Font shape `OML/cmm/b/it' tried instead on input line 31.
LaTeX Font Info:    Font shape `OMS/ccsy/b/n' in size <12> not available
(Font)              Font shape `OMS/cmsy/b/n' tried instead on input line 31.
LaTeX Font Info:    Font shape `OMS/ccsy/b/n' in size <8> not available
(Font)              Font shape `OMS/cmsy/b/n' tried instead on input line 31.
LaTeX Font Info:    Font shape `OMS/ccsy/b/n' in size <6> not available
(Font)              Font shape `OMS/cmsy/b/n' tried instead on input line 31.
LaTeX Font Info:    Trying to load font information for U+stmry on input line 3
1.

(C:\Users\Graham\AppData\Local\Programs\MiKTeX\tex/latex/stmaryrd\ustmry.fd)

[1

{C:/Users/Graham/AppData/Local/MiKTeX/fonts/map/pdftex/pdftex.map}]
tdgl_doc.tex:32: Illegal unit of measure (pt inserted).
<to be read again> 
                   !
l.32 \tableofcontents
                     
Dimensions can be in units of em, ex, in, pt, pc,
cm, mm, dd, cc, nd, nc, bp, or sp; but yours is a new one!
I'll assume that you meant to say pt, for printer's points.
To recover gracefully from this error, it's best to
delete the erroneous units; e.g., type `2' to delete
two letters. (See Chapter 27 of The TeXbook.)

(tdgl_doc.toc
LaTeX Font Info:    Font shape `OT1/cmtt/bx/n' in size <10> not available
(Font)              Font shape `OT1/cmtt/m/n' tried instead on input line 2.
)
\tf@toc=\write5
\openout5 = `tdgl_doc.toc'.



[1

]

Package marginnote Warning: Consecutive odd pages found.
(marginnote)                Note, it is not recommended to use consecutive
(marginnote)                odd pages in a double-ended document.
(marginnote)                The pages of your document should always
(marginnote)                be a sequence: odd-even-odd-even-...
(marginnote)                Maybe you've forgotten a \cleardoublepage before
(marginnote)                changing the page numbering on page i.

Package marginnote Info: Using workaround for absolute page number on input lin
e 33.
Chapter 1.
tdgl_doc.tex:36: Illegal unit of measure (pt inserted).
<to be read again> 
                   !
l.36 \chapter{Introduction}
                           
Dimensions can be in units of em, ex, in, pt, pc,
cm, mm, dd, cc, nd, nc, bp, or sp; but yours is a new one!
I'll assume that you meant to say pt, for printer's points.
To recover gracefully from this error, it's best to
delete the erroneous units; e.g., type `2' to delete
two letters. (See Chapter 27 of The TeXbook.)

LaTeX Font Info:    External font `xccex10' loaded for size
(Font)              <10> on input line 38.
LaTeX Font Info:    External font `xccex10' loaded for size
(Font)              <7> on input line 38.
LaTeX Font Info:    External font `xccex10' loaded for size
(Font)              <5> on input line 38.
LaTeX Font Info:    Font shape `OT1/ccr/bx/n' in size <10> not available
(Font)              Font shape `OT1/cmr/bx/n' tried instead on input line 38.
LaTeX Font Info:    Font shape `OT1/ccr/bx/n' in size <7> not available
(Font)              Font shape `OT1/cmr/bx/n' tried instead on input line 38.
LaTeX Font Info:    Font shape `OT1/ccr/bx/n' in size <5> not available
(Font)              Font shape `OT1/cmr/bx/n' tried instead on input line 38.
LaTeX Font Info:    Font shape `OML/ccm/b/it' in size <10> not available
(Font)              Font shape `OML/cmm/b/it' tried instead on input line 38.
LaTeX Font Info:    Font shape `OML/ccm/b/it' in size <7> not available
(Font)              Font shape `OML/cmm/b/it' tried instead on input line 38.
LaTeX Font Info:    Font shape `OML/ccm/b/it' in size <5> not available
(Font)              Font shape `OML/cmm/b/it' tried instead on input line 38.
LaTeX Font Info:    Font shape `OMS/ccsy/b/n' in size <10> not available
(Font)              Font shape `OMS/cmsy/b/n' tried instead on input line 38.
LaTeX Font Info:    Font shape `OMS/ccsy/b/n' in size <7> not available
(Font)              Font shape `OMS/cmsy/b/n' tried instead on input line 38.
LaTeX Font Info:    Font shape `OMS/ccsy/b/n' in size <5> not available
(Font)              Font shape `OMS/cmsy/b/n' tried instead on input line 38.

Underfull \hbox (badness 10000) in paragraph at lines 38--39
\OT1/cmtt/m/n/10 The Ginzburg-Landau result introduced the world of physics to 
the
 []


Underfull \hbox (badness 10000) in paragraph at lines 38--39
\OT1/cmtt/m/n/10 idea of spontaneous symmetry breaking. When a ferromagnetic ma
terial
 []


Underfull \hbox (badness 10000) in paragraph at lines 38--39
\OT1/cmtt/m/n/10 in thermal equilbrium at temperature $\OML/ccm/m/it/10 T$ \OT1
/cmtt/m/n/10 is placed in a magnetization
 []


Underfull \hbox (badness 10000) in paragraph at lines 38--39
\OML/cmm/b/it/10 M\OT1/ccr/m/n/10 (\OML/ccm/m/it/10 x\OT1/ccr/m/n/10 )$ \OT1/cm
tt/m/n/10 (this is a measure of how many electrons are magnetically
 []


Underfull \hbox (badness 10000) in paragraph at lines 38--39
\OT1/cmtt/m/n/10 aligned), we know that at low temperatures, rotational invaria
nce
 []


Underfull \hbox (badness 10000) in paragraph at lines 38--39
\OT1/cmtt/m/n/10 is spontaneously broken, and the material exhibits a sudden bu
lk
 []


Underfull \hbox (badness 10000) in paragraph at lines 38--39
\OT1/cmtt/m/n/10 magnetization in some direction. The bulk magnetization sudden
ly
 []


Underfull \hbox (badness 10000) in paragraph at lines 38--39
\OT1/cmtt/m/n/10 disapears above some critical temperature $\OML/ccm/m/it/10 T[
]$\OT1/cmtt/m/n/10 . We have even been
 []


Underfull \hbox (badness 10000) in paragraph at lines 38--39
\OT1/cmtt/m/n/10 able to show that increasing the temperature causes the magnet
ic
 []


Underfull \hbox (badness 10000) in paragraph at lines 38--39
\OT1/cmtt/m/n/10 moments to point in increasingly random directions, causing th
e bulk
 []


Underfull \hbox (badness 10000) in paragraph at lines 38--39
\OT1/cmtt/m/n/10 magnetization to drop lower and lower. Experimentally, we foun
d that
 []


Underfull \hbox (badness 10000) in paragraph at lines 38--39
\OT1/cmtt/m/n/10 below $\OML/ccm/m/it/10 T[]$\OT1/cmtt/m/n/10 , $\OMS/ccsy/m/n/
10 j\OML/cmm/b/it/10 M\OMS/ccsy/m/n/10 j$ \OT1/cmtt/m/n/10 vanishes as $\OMS/cc
sy/m/n/10 ^^X \OT1/ccr/m/n/10 (\OML/ccm/m/it/10 T[] \OMS/ccsy/m/n/10 ^^@ \OML/c
cm/m/it/10 T\OT1/ccr/m/n/10 )[]$\OT1/cmtt/m/n/10 , with the critical exponent
 []


Underfull \hbox (badness 10000) in paragraph at lines 40--41
[]\OT1/cmtt/m/n/10 We call this sudden change a second order phase transition, 
which
 []


Underfull \hbox (badness 10000) in paragraph at lines 40--41
\OT1/cmtt/m/n/10 is an example of the greater umbrella term critical phenomena.
 From
 []


Underfull \hbox (badness 10000) in paragraph at lines 40--41
\OT1/cmtt/m/n/10 a theoretic perspective, we want to compute the partition func
tion
 []


Underfull \hbox (badness 6125) in paragraph at lines 40--41
\OML/ccm/m/it/10 Z \OT1/ccr/m/n/10 = []  \OML/ccm/m/it/10 e[]$\OT1/cmtt/m/n/10 
, (consider $\OMS/ccsy/m/n/10 H$ \OT1/cmtt/m/n/10 the Hamiltonian) which is cle
arly smooth
 []


Underfull \hbox (badness 10000) in paragraph at lines 40--41
\OT1/cmtt/m/n/10 in $\OML/ccm/m/it/10 T$\OT1/cmtt/m/n/10 , unlike the experimen
tal result. In true theorist fashion, the
 []


Underfull \hbox (badness 10000) in paragraph at lines 40--41
\OT1/cmtt/m/n/10 first instinct was to blame the experimental result, saying th
at the
 []


Underfull \hbox (badness 10000) in paragraph at lines 40--41
\OT1/cmtt/m/n/10 phenomenon, arguing that within the error bounds of the measur
ement
 []


Underfull \hbox (badness 10000) in paragraph at lines 40--41
\OT1/cmtt/m/n/10 of $\OMS/ccsy/m/n/10 j\OML/cmm/b/it/10 M\OMS/ccsy/m/n/10 j$\OT
1/cmtt/m/n/10 , a hidden, smooth progression to zero in $\OML/ccm/m/it/10 T$ \O
T1/cmtt/m/n/10 is present. Lars
 []


Underfull \hbox (badness 10000) in paragraph at lines 40--41
\OT1/cmtt/m/n/10 Onsager's exact solution of the 2D Ising model in 1944[][][][]
[] settled this
 []


Underfull \hbox (badness 10000) in paragraph at lines 40--41
\OT1/cmtt/m/n/10 argument by realizing the trace in the partition function sums
 over
 []


Underfull \hbox (badness 10000) in paragraph at lines 40--41
\OT1/cmtt/m/n/10 an infinite number of terms, and a sum of infinite terms that 
are
 []


Underfull \hbox (badness 10000) in paragraph at lines 42--42
[][][][][]\OT1/cmtt/m/n/8 doi.org/10.1016/B978-0-08-010586-4.50078-X[][], pdf: 
[][]On the Theory of
 []


Underfull \hbox (badness 10000) in paragraph at lines 42--43
[]\OT1/cmtt/m/n/10 Landau and Ginzburg had the elegant idea that the form of th
e free
 []


Underfull \hbox (badness 10000) in paragraph at lines 42--43
\OT1/cmtt/m/n/10 energy $\OML/ccm/m/it/10 G$ \OT1/cmtt/m/n/10 could be derived 
from general principles.[][][][][] They proposed
 []


Underfull \hbox (badness 10000) in paragraph at lines 42--43
\OT1/cmtt/m/n/10 that by demanding rotational invariance, the free energy $\OML
/ccm/m/it/10 G$ \OT1/cmtt/m/n/10 could be
 []


Underfull \hbox (badness 10000) in paragraph at lines 42--43
\OT1/cmtt/m/n/10 expressed as a function of $\OML/cmm/b/it/10 M$ \OT1/cmtt/m/n/
10 for a system with volume $\OML/ccm/m/it/10 V$\OT1/cmtt/m/n/10 . If $\OML/cmm
/b/it/10 M$ \OT1/cmtt/m/n/10 is
 []


Underfull \hbox (badness 10000) in paragraph at lines 45--47
\OT1/cmtt/m/n/10 where $\OML/ccm/m/it/10 ; ^^L; [] $ \OT1/cmtt/m/n/10 are unkn
own but presumably smooth functions of $\OML/ccm/m/it/10 T$\OT1/cmtt/m/n/10 .
 []


Underfull \hbox (badness 10000) in paragraph at lines 45--47
\OT1/cmtt/m/n/10 Landau and Ginzburg further supposed that $\OML/ccm/m/it/10 $
 \OT1/cmtt/m/n/10 vanishes at some
 []


Underfull \hbox (badness 10000) in paragraph at lines 45--47
\OT1/cmtt/m/n/10 temperature $\OML/ccm/m/it/10 T[]$\OT1/cmtt/m/n/10 , and it lo
gically follows that $\OML/ccm/m/it/10 $ \OT1/cmtt/m/n/10 would look something

 []


Underfull \hbox (badness 10000) in paragraph at lines 48--49
[]\OT1/cmtt/m/n/10 The natural progression is to include the variability of $\O
ML/cmm/b/it/10 M$ \OT1/cmtt/m/n/10 in
 []


Underfull \hbox (badness 10000) in paragraph at lines 48--49
\OT1/cmtt/m/n/10 space, Landau and Ginzburg argued that the free energy would h
ave the
 []


Underfull \vbox (badness 3240) has occurred while \output is active []




pdfTeX warning (ext4): destination with the same identifier (name{page.1}) has 
been already used, duplicate ignored
<to be read again> 
                   \relax 
l.51 \end{align}
                 [1

]

Package marginnote Warning: Consecutive odd pages found.
(marginnote)                Note, it is not recommended to use consecutive
(marginnote)                odd pages in a double-ended document.
(marginnote)                The pages of your document should always
(marginnote)                be a sequence: odd-even-odd-even-...
(marginnote)                Maybe you've forgotten a \cleardoublepage before
(marginnote)                changing the page numbering on page 1.

Package marginnote Info: Using workaround for absolute page number on input lin
e 51.

Underfull \hbox (badness 10000) in paragraph at lines 51--53
\OT1/cmtt/m/n/10 where one can argue that we can rescale $\OML/cmm/b/it/10 M$ \
OT1/cmtt/m/n/10 to set the coefficient of
 []


Underfull \hbox (badness 10000) in paragraph at lines 56--57
\OT1/cmtt/m/n/10 In our introduction, we mentioned spontaneous symmetry breakin
g.
 []

LaTeX Font Info:    Font shape `OT1/cmtt/bx/it' in size <10> not available
(Font)              Font shape `OT1/cmtt/m/it' tried instead on input line 57.
Package hyperref Info: bookmark level for unknown theorem defaults to 0 on inpu
t line 57.

Underfull \hbox (badness 10000) in paragraph at lines 57--59
[][]\OT1/cmtt/m/sl/10 For every spontaneously broken continuous symmetry genera
tor, there
 []


Underfull \hbox (badness 10000) in paragraph at lines 57--59
\OT1/cmtt/m/sl/10 exists a massless scalar mode in the field spectra, identifie
d by
 []


Overfull \hbox (4.7999pt too wide) in paragraph at lines 59--59
[] 
 []


Overfull \hbox (4.7999pt too wide) in paragraph at lines 59--59
 | 
 []


Underfull \hbox (badness 10000) in paragraph at lines 62--63
[]\OT1/cmtt/m/n/10 Consider a complex scalar
 []


Underfull \hbox (badness 10000) in paragraph at lines 67--69
\OT1/cmtt/m/n/10 From complex analysis it is intuitive to argue $\OML/ccm/m/it/
10 ^^^[]$ \OT1/cmtt/m/n/10 is the radial mode,
 []


Underfull \hbox (badness 10000) in paragraph at lines 67--69
\OT1/cmtt/m/n/10 and $\OML/ccm/m/it/10 ^^^[]$ \OT1/cmtt/m/n/10 is the angular m
ode. Now we build the mass matrix. The mass
 []


Underfull \hbox (badness 10000) in paragraph at lines 67--69
\OT1/cmtt/m/n/10 of a mode is determined by the curvature of the potential at t
he
 []


Underfull \hbox (badness 10000) in paragraph at lines 67--69
\OT1/cmtt/m/n/10 minimum. A steep potential means we have a heavy particle, whi
le a
 []


Underfull \hbox (badness 10000) in paragraph at lines 85--87
\OT1/cmtt/m/n/10 We see that after symmetry breaking, the Higgs eats the Goldst
one
 []


Underfull \hbox (badness 10000) in paragraph at lines 85--87
\OT1/cmtt/m/n/10 bosons and the new gauge-boson couples to the field in a way t
hat
 []


Underfull \hbox (badness 10000) in paragraph at lines 85--87
\OT1/cmtt/m/n/10 causes the electrons in our system to exhibit an effective att
raction,
 []


Underfull \hbox (badness 10000) in paragraph at lines 85--87
\OT1/cmtt/m/n/10 the birth of Cooper pairs. The Higgs mode is below zero, telli
ng us
 []


Underfull \hbox (badness 10000) in paragraph at lines 85--87
\OT1/cmtt/m/n/10 that it costs energy to move away from the vacuum manifold for
med by
 []


Underfull \hbox (badness 10000) in paragraph at lines 85--87
\OT1/cmtt/m/n/10 the new gauge-boson. The angular mode tells us that it costs n
othing
 []


Underfull \hbox (badness 10000) in paragraph at lines 85--87
\OT1/cmtt/m/n/10 to modify the phase of the order parameter, and thus the groun
d state
 []


Underfull \hbox (badness 10000) in paragraph at lines 90--91
[]\OT1/cmtt/m/n/10 This is the theorem that tells us precisely the spectrum of 
vacua
 []



[2]
Underfull \hbox (badness 10000) in paragraph at lines 95--97
\OT1/cmtt/m/n/10 As we mentioned in the introduction. This is exactly the type 
of
 []


Underfull \hbox (badness 10000) in paragraph at lines 95--97
\OT1/cmtt/m/n/10 behavior characteristic of a second order phase transition, a 
smooth
 []


Underfull \hbox (badness 10000) in paragraph at lines 95--97
\OT1/cmtt/m/n/10 transition to and from some critical parameter $\OML/ccm/m/it/
10 T[]$ \OT1/cmtt/m/n/10 on either side of
 []



[3]
Chapter 2.
tdgl_doc.tex:100: Illegal unit of measure (pt inserted).
<to be read again> 
                   !
l.100 \chapter{Ginzburg-Landau Theory}
                                      
Dimensions can be in units of em, ex, in, pt, pc,
cm, mm, dd, cc, nd, nc, bp, or sp; but yours is a new one!
I'll assume that you meant to say pt, for printer's points.
To recover gracefully from this error, it's best to
delete the erroneous units; e.g., type `2' to delete
two letters. (See Chapter 27 of The TeXbook.)


Underfull \hbox (badness 10000) in paragraph at lines 102--103
\OT1/cmtt/m/n/10 Now is time for a modern derivation of the Ginzburg-Landau equ
ations.
 []


Overfull \hbox (16.2686pt too wide) in paragraph at lines 106--108
\OT1/cmtt/m/n/10 including the kinetic energy of the condensate, $\OMS/ccsy/m/n
/10 j\OML/ccm/m/it/10 D[]'\OMS/ccsy/m/n/10 j[] ^^Q [] [] \OML/ccm/m/it/10 '[][]
$\OT1/cmtt/m/n/10 ,
 []


Underfull \hbox (badness 10000) in paragraph at lines 106--108
\OT1/cmtt/m/n/10 and the coupling to the magnetic field $\OML/ccm/m/it/10 B \OM
S/ccsy/m/n/10 ^^Q \OML/ccm/m/it/10 "[]@[]A[]$\OT1/cmtt/m/n/10 . We note that
 []


Underfull \hbox (badness 4621) in paragraph at lines 106--108
\OML/ccm/m/it/10 m[] \OT1/ccr/m/n/10 = 2\OML/ccm/m/it/10 m[]$ \OT1/cmtt/m/n/10 
and $\OML/ccm/m/it/10 e[] \OT1/ccr/m/n/10 = 2\OML/ccm/m/it/10 e$ \OT1/cmtt/m/n/
10 are the mass and charge of the Cooper pair
 []


Underfull \hbox (badness 10000) in paragraph at lines 123--124
[]\OT1/cmtt/m/n/10 Here we've found the two Ginzburg-Landau (GL) equations that
 define
 []


Underfull \hbox (badness 10000) in paragraph at lines 123--124
\OT1/cmtt/m/n/10 the boundary conditions of our superconductor. The first resul
t,
 []


Underfull \hbox (badness 10000) in paragraph at lines 123--124
\OT1/cmtt/m/n/10 eq. ([][]2.0.2[][]) is a energy boundary condition term, telli
ng us that,
 []


Underfull \hbox (badness 10000) in paragraph at lines 123--124
\OT1/cmtt/m/n/10 when minimized, the kinetic and potential energies will equali
ze as a
 []


Underfull \hbox (badness 10000) in paragraph at lines 123--124
\OT1/cmtt/m/n/10 function of the order parameter. Phenomenologically, this tell
s us
 []


Underfull \hbox (badness 10000) in paragraph at lines 123--124
\OT1/cmtt/m/n/10 that for the system to approach equilibrium, the material will
 form
 []


Underfull \hbox (badness 10000) in paragraph at lines 123--124

 []


Underfull \hbox (badness 10000) in paragraph at lines 125--126
[]\OT1/cmtt/m/n/10 The second GL equation, eq. ([][]2.0.3[][]), defines what it
 means for
 []


Underfull \hbox (badness 10000) in paragraph at lines 125--126
\OT1/cmtt/m/n/10 the condensate to have a "current". It tells us that the curre
nt
 []


Underfull \hbox (badness 10000) in paragraph at lines 125--126
\OT1/cmtt/m/n/10 is dependent on the divergence of the density of cooper pairs 
in the
 []


Underfull \hbox (badness 10000) in paragraph at lines 125--126
\OT1/cmtt/m/n/10 material, as well as the external vector potential experienced
 by the
 []


Underfull \hbox (badness 10000) in paragraph at lines 125--126

 []


Underfull \hbox (badness 10000) in paragraph at lines 127--128
[]\OT1/cmtt/m/n/10 We can uncover two important characteristic scales for the e
ffect we
 []


Underfull \hbox (badness 10000) in paragraph at lines 127--128
\OT1/cmtt/m/n/10 are investigating: first is the distance over which a perturba
tion
 []


Underfull \hbox (badness 5622) in paragraph at lines 127--128
\OT1/cmtt/m/n/10 in the order parameter propagates: by setting $\OML/cmm/b/it/1
0 A \OT1/ccr/m/n/10 = 0$ \OT1/cmtt/m/n/10 in our energy
 []


Underfull \hbox (badness 10000) in paragraph at lines 127--128
\OT1/cmtt/m/n/10 condition, we investigate the length scale over which we expec
t our
 []


Underfull \hbox (badness 1968) in paragraph at lines 138--138
\OT1/cmtt/m/n/10 perturb the density around the equilibrium, we get $\OML/ccm/m
/it/10 ' \OT1/ccr/m/n/10 = (\OML/ccm/m/it/10 '[] \OT1/ccr/m/n/10 + \OML/ccm/m/i
t/10 ^^N'\OT1/ccr/m/n/10 )\OML/ccm/m/it/10 e[]$\OT1/cmtt/m/n/10 .
 []


Underfull \hbox (badness 10000) in paragraph at lines 138--138
\OT1/cmtt/m/n/10 the zeroth order terms are just the criticality conditions, so

 []


Underfull \hbox (badness 10000) in paragraph at lines 138--138
\OT1/cmtt/m/n/10 together they vanish, and if we substitute the minima in, we g
et the
 []


Underfull \hbox (badness 1968) in paragraph at lines 138--138
\OT1/cmtt/m/n/10 perturb the density around the equilibrium, we get $\OML/ccm/m
/it/10 ' \OT1/ccr/m/n/10 = (\OML/ccm/m/it/10 '[] \OT1/ccr/m/n/10 + \OML/ccm/m/i
t/10 ^^N'\OT1/ccr/m/n/10 )\OML/ccm/m/it/10 e[]$\OT1/cmtt/m/n/10 .
 []


Underfull \hbox (badness 10000) in paragraph at lines 138--138
\OT1/cmtt/m/n/10 the zeroth order terms are just the criticality conditions, so

 []


Underfull \hbox (badness 10000) in paragraph at lines 138--138
\OT1/cmtt/m/n/10 together they vanish, and if we substitute the minima in, we g
et the
 []



[4

]
Underfull \hbox (badness 6792) in paragraph at lines 138--140
\OT1/cmtt/m/n/10 where $\OML/ccm/m/it/10 ^^X[] \OT1/ccr/m/n/10 = 1\OML/ccm/m/it
/10 =\OT1/ccr/m/n/10 4\OML/ccm/m/it/10 m[]\OMS/ccsy/m/n/10 j\OML/ccm/m/it/10 \
OMS/ccsy/m/n/10 j$\OT1/cmtt/m/n/10 . This parameter $\OML/ccm/m/it/10 ^^X$ \OT1
/cmtt/m/n/10 is the coherence length, the
 []


Underfull \hbox (badness 10000) in paragraph at lines 138--140
\OT1/cmtt/m/n/10 length scale over which we expect perturbations of the density
 field
 []


Underfull \hbox (badness 10000) in paragraph at lines 141--142
[]\OT1/cmtt/m/n/10 The other length scale is the depth within our material that
 we
 []


Underfull \hbox (badness 10000) in paragraph at lines 141--142
\OT1/cmtt/m/n/10 expect to see no perturbations to the density field. This corr
esponds
 []


Underfull \hbox (badness 10000) in paragraph at lines 141--142
\OT1/cmtt/m/n/10 to the scenario where $\OML/ccm/m/it/10 ' \OT1/ccr/m/n/10 = \O
ML/ccm/m/it/10 '[]$ \OT1/cmtt/m/n/10 is uniform, then we can look at the
 []


Underfull \hbox (badness 10000) in paragraph at lines 150--150
\OT1/cmtt/m/n/10 this is the London equation, describing the expulsion of a mag
netic
 []


Underfull \hbox (badness 10000) in paragraph at lines 150--150
\OT1/cmtt/m/n/10 field by a current propagating through our material, if we loo
k for a
 []


LaTeX Font Warning: Font shape `U/stmry/b/n' undefined
(Font)              using `U/stmry/m/n' instead on input line 150.


Underfull \hbox (badness 10000) in paragraph at lines 150--150
\OT1/cmtt/m/n/10 this is the London equation, describing the expulsion of a mag
netic
 []


Underfull \hbox (badness 10000) in paragraph at lines 150--150
\OT1/cmtt/m/n/10 field by a current propagating through our material, if we loo
k for a
 []


Underfull \hbox (badness 10000) in paragraph at lines 150--152

 []


Underfull \hbox (badness 10000) in paragraph at lines 155--156
\OT1/cmtt/m/n/10 We define the material constant $\OML/ccm/m/it/10 ^^T \OT1/ccr
/m/n/10 = \OML/ccm/m/it/10 ^^U=^^X$ \OT1/cmtt/m/n/10 as the ratio of the
 []


Underfull \hbox (badness 10000) in paragraph at lines 155--156
\OT1/cmtt/m/n/10 penetration to coherence scales. The divergence of the coheren
ce
 []


Underfull \hbox (badness 10000) in paragraph at lines 155--156
\OT1/cmtt/m/n/10 and penetration parameters is avoided by defining $\OML/ccm/m/
it/10 ^^T$ \OT1/cmtt/m/n/10 this way as they
 []



[5]
Underfull \hbox (badness 10000) in paragraph at lines 157--158
[]\OT1/cmtt/m/n/10 The use of $\OML/ccm/m/it/10 ^^T$ \OT1/cmtt/m/n/10 gave natu
ral motivation to make distinct two types
 []


Underfull \hbox (badness 10000) in paragraph at lines 157--158
\OT1/cmtt/m/n/10 of superconductors, inventively dubbed Type I and Type II. Typ
e I
 []


Underfull \hbox (badness 10000) in paragraph at lines 157--158
\OT1/cmtt/m/n/10 superconductors have a single thermodynamic critical field $\O
ML/ccm/m/it/10 H[]$ \OT1/cmtt/m/n/10 below
 []


Underfull \hbox (badness 10000) in paragraph at lines 157--158
\OT1/cmtt/m/n/10 which the material is fully superconducting, and above which i
t is
 []


Underfull \hbox (badness 10000) in paragraph at lines 157--158
\OT1/cmtt/m/n/10 fully normal. It is characterized by a one-to-one correspondan
ce
 []


Underfull \hbox (badness 10000) in paragraph at lines 159--160
[]\OT1/cmtt/m/n/10 The condensation energy is the difference between the free
 []


Underfull \hbox (badness 10000) in paragraph at lines 159--160
\OT1/cmtt/m/n/10 energy during the normal state, $\OML/ccm/m/it/10 F[]$ \OT1/cm
tt/m/n/10 and the free energy during the
 []


Underfull \hbox (badness 10000) in paragraph at lines 159--160
\OT1/cmtt/m/n/10 that the energy used to expel the magnetic field comes from th
e energy
 []


Underfull \hbox (badness 10000) in paragraph at lines 159--160
\OT1/cmtt/m/n/10 gained from forming condensation. At criticality, the Meissner
 effect
 []


Underfull \hbox (badness 10000) in paragraph at lines 163--165
\OT1/cmtt/m/n/10 is the threshold for the field at which it becomes energetical
ly
 []


Underfull \hbox (badness 10000) in paragraph at lines 163--165
\OT1/cmtt/m/n/10 favorable to allow penetration by the external field, and dest
ruction
 []


Underfull \hbox (badness 10000) in paragraph at lines 169--170
[]$\OMS/ccsy/m/n/10 j\OML/ccm/m/it/10 '\OMS/ccsy/m/n/10 j$ \OT1/cmtt/m/n/10 rec
overs from $\OT1/ccr/m/n/10 0$ \OT1/cmtt/m/n/10 to $\OMS/ccsy/m/n/10 j\OML/ccm/
m/it/10 '[]\OMS/ccsy/m/n/10 j$ \OT1/cmtt/m/n/10 over the coherence length $\OML
/ccm/m/it/10 ^^X$ \OT1/cmtt/m/n/10 -- this
 []


Underfull \hbox (badness 10000) in paragraph at lines 170--171
[]$\OML/ccm/m/it/10 B$ \OT1/cmtt/m/n/10 because from $\OML/ccm/m/it/10 H[]$ \OT
1/cmtt/m/n/10 to $\OT1/ccr/m/n/10 0$ \OT1/cmtt/m/n/10 over the penetration dept
h $\OML/ccm/m/it/10 ^^U$ \OT1/cmtt/m/n/10 -- this
 []


Underfull \hbox (badness 10000) in paragraph at lines 174--175
[]\OT1/cmtt/m/n/10 So we have two competing contributions to the surface energy
: far
 []


Underfull \hbox (badness 2376) in paragraph at lines 174--175
\OT1/cmtt/m/n/10 from the interface, $\OML/ccm/m/it/10 ' \OT1/ccr/m/n/10 = 0$\O
T1/cmtt/m/n/10 , and $\OML/ccm/m/it/10 B \OT1/ccr/m/n/10 = \OML/ccm/m/it/10 H[]
$ \OT1/cmtt/m/n/10 in the normal state, while
 []


Underfull \hbox (badness 10000) in paragraph at lines 174--175
\OT1/cmtt/m/n/10 compete due to the mismatch in length scale: over a length $\O
ML/ccm/m/it/10 ^^X$\OT1/cmtt/m/n/10 ,
 []


Underfull \hbox (badness 10000) in paragraph at lines 174--175
\OT1/cmtt/m/n/10 yet since it isn't greater than the coherence length, thus the
re is a
 []


Underfull \hbox (badness 10000) in paragraph at lines 174--175
\OT1/cmtt/m/n/10 Then you have a similar resut from the magnetic field, the pen
etration
 []


Underfull \hbox (badness 10000) in paragraph at lines 174--175
\OT1/cmtt/m/n/10 depth tells us of a magnetic energy cost over a region $\OML/c
cm/m/it/10 ^^U$ \OT1/cmtt/m/n/10 as the field
 []


Underfull \hbox (badness 10000) in paragraph at lines 177--179
\OT1/cmtt/m/n/10 (Another derivation is available for this using an effective l
ength
 []


Underfull \hbox (badness 10000) in paragraph at lines 177--179
\OT1/cmtt/m/n/10 measure $\OML/ccm/m/it/10 ^^N \OMS/ccsy/m/n/10 / [][] \OML/ccm
/m/it/10 dx f\OT1/ccr/m/n/10 (\OML/ccm/m/it/10 '; H[]\OT1/ccr/m/n/10 )$ \OT1/cm
tt/m/n/10 where $\OML/ccm/m/it/10 f$ \OT1/cmtt/m/n/10 is a function of the norm
alized
 []


Underfull \hbox (badness 10000) in paragraph at lines 180--181
\OT1/cmtt/m/n/10 thus the system avoids creating them, so the field is either f
ully
 []


Underfull \hbox (badness 10000) in paragraph at lines 180--181

 []



[6{C:/Users/Graham/AppData/Local/Programs/MiKTeX/fonts/enc/dvips/cm-super/cm-su
per-ts1.enc}]
Underfull \hbox (badness 10000) in paragraph at lines 182--183
[]\OT1/cmtt/m/n/10 When $\OML/ccm/m/it/10 ^^T > \OT1/ccr/m/n/10 1\OML/ccm/m/it/
10 =[]$ \OT1/cmtt/m/n/10 ($\OML/ccm/m/it/10 ^^X < ^^U$\OT1/cmtt/m/n/10 ), $\OML
/ccm/m/it/10 ^^[[]$ \OT1/cmtt/m/n/10 is negative -- interfaces are
 []


Underfull \hbox (badness 10000) in paragraph at lines 182--183
\OT1/cmtt/m/n/10 energetically favorable, so the system will create as many as
 []


Underfull \hbox (badness 10000) in paragraph at lines 182--183
\OT1/cmtt/m/n/10 possible. This results in \OT1/cmtt/m/it/10 quantized flux tub
es\OT1/cmtt/m/n/10 , each carrying one
 []


Underfull \hbox (badness 10000) in paragraph at lines 182--183
\OT1/cmtt/m/n/10 flux quantum (see following section) surrounded by a normal co
re of
 []


Underfull \hbox (badness 10000) in paragraph at lines 184--185
[]\OT1/cmtt/m/n/10 The \OT1/cmtt/m/it/10 Bogomolny point \OT1/cmtt/m/n/10 is th
e exact value of $\OML/ccm/m/it/10 ^^T$ \OT1/cmtt/m/n/10 for which crossover
 []


Underfull \hbox (badness 10000) in paragraph at lines 184--185
\OT1/cmtt/m/n/10 occurs. At this value, the surface energy vanishes and the GL
 []


Underfull \hbox (badness 10000) in paragraph at lines 187--189
\OT1/cmtt/m/n/10 below this value, the material is Type I, above it, the materi
al is
 []


Underfull \hbox (badness 10000) in paragraph at lines 192--193
\OT1/cmtt/m/n/10 and superconducting, and the transition between these two stat
es
 []


Underfull \hbox (badness 10000) in paragraph at lines 192--193
\OT1/cmtt/m/n/10 is immediate, the material moves from a state of total expulsi
on
 []


Underfull \hbox (badness 10000) in paragraph at lines 192--193
\OT1/cmtt/m/n/10 of any magnetic flux ($\OML/ccm/m/it/10 B \OT1/ccr/m/n/10 = 0$
\OT1/cmtt/m/n/10 ) to a normal state with induced flux
 []


Underfull \hbox (badness 10000) in paragraph at lines 192--193
\OT1/cmtt/m/n/10 from the external field. There is no intermediate state since 
the
 []


Underfull \hbox (badness 10000) in paragraph at lines 192--193
\OT1/cmtt/m/n/10 coherence length is greater than the penetration depth, so it 
would
 []


Underfull \hbox (badness 10000) in paragraph at lines 192--193
\OT1/cmtt/m/n/10 cost more energy to form mixed regions of superconductiveity a
nd
 []


Underfull \hbox (badness 10000) in paragraph at lines 196--197
\OT1/cmtt/m/n/10 In the case of a type-II material, the penetration depth is gr
eater
 []


Underfull \hbox (badness 10000) in paragraph at lines 196--197
\OT1/cmtt/m/n/10 than the coherence length, and so it becomes energetically fav
orable
 []


Underfull \hbox (badness 10000) in paragraph at lines 196--197
\OT1/cmtt/m/n/10 to have an intermediate state where there are some regions wit
h
 []


Underfull \hbox (badness 10000) in paragraph at lines 196--197
\OT1/cmtt/m/n/10 superconductivity and some regions with normal conductivity. T
he
 []


Underfull \hbox (badness 10000) in paragraph at lines 196--197
\OT1/cmtt/m/n/10 regions exhibiting superconductive behavior are called vortexe
s and
 []


Underfull \hbox (badness 10000) in paragraph at lines 196--197
\OT1/cmtt/m/n/10 carry quantized magnetic flux through the superconductor. In g
eneral,
 []


Underfull \hbox (badness 4872) in paragraph at lines 207--207
\OT1/cmtt/m/n/10 and we consider a curve large enough s.t. $\OML/ccm/m/it/10 j[
] \OT1/ccr/m/n/10 = 0$ \OT1/cmtt/m/n/10 on $\OML/ccm/m/it/10 @\OMS/ccsy/m/n/10 
S$\OT1/cmtt/m/n/10 , we see the
 []


Underfull \hbox (badness 10000) in paragraph at lines 207--207
\OT1/cmtt/m/n/10 notice that if we name the integral $\OML/ccm/m/it/10 z$\OT1/c
mtt/m/n/10 , we have $\OML/ccm/m/it/10 z \OT1/ccr/m/n/10 + \OML/ccm/m/it/10 z[]
$\OT1/cmtt/m/n/10 , which is just
 []


Underfull \hbox (badness 4872) in paragraph at lines 207--207
\OT1/cmtt/m/n/10 and we consider a curve large enough s.t. $\OML/ccm/m/it/10 j[
] \OT1/ccr/m/n/10 = 0$ \OT1/cmtt/m/n/10 on $\OML/ccm/m/it/10 @\OMS/ccsy/m/n/10 
S$\OT1/cmtt/m/n/10 , we see the
 []


Underfull \hbox (badness 10000) in paragraph at lines 207--207
\OT1/cmtt/m/n/10 notice that if we name the integral $\OML/ccm/m/it/10 z$\OT1/c
mtt/m/n/10 , we have $\OML/ccm/m/it/10 z \OT1/ccr/m/n/10 + \OML/ccm/m/it/10 z[]
$\OT1/cmtt/m/n/10 , which is just
 []



[7]
Underfull \hbox (badness 10000) in paragraph at lines 207--209
\OT1/cmtt/m/n/10 This is the \OT1/cmtt/m/it/10 flux quanta \OT1/cmtt/m/n/10 of 
a vortex, the basic unit of energy that
 []


Underfull \hbox (badness 10000) in paragraph at lines 210--211
[]\OT1/cmtt/m/n/10 The core of the vortex is of radius $\OML/ccm/m/it/10 ^^X$ \
OT1/cmtt/m/n/10 and is very small, so we
 []


Underfull \hbox (badness 10000) in paragraph at lines 212--213
[]\OT1/cmtt/m/n/10 The line energy (energy per unit length) is given by the sum
 of the
 []


Underfull \hbox (badness 10000) in paragraph at lines 212--213
\OT1/cmtt/m/n/10 energy associated with the magnetic field, and the kinetic ene
rgy of
 []


Underfull \hbox (badness 10000) in paragraph at lines 223--225
\OT1/cmtt/m/n/10 Now, if we consider the interior of the core, we need a source
 term
 []


Underfull \hbox (badness 10000) in paragraph at lines 236--236
\OT1/cmtt/m/n/10 the left integral vanishes by the divergence theorem and Maxwe
ll's
 []


Underfull \hbox (badness 2556) in paragraph at lines 236--236
\OT1/cmtt/m/n/10 this integral moves through $\OT1/ccr/m/n/10 (\OML/ccm/m/it/10
 ^^X < r \OMS/ccsy/m/n/10 ^^\ \OML/ccm/m/it/10 ^^U\OT1/ccr/m/n/10 )$ \OT1/cmtt/
m/n/10 about the boundary of the
 []


Underfull \hbox (badness 10000) in paragraph at lines 236--236
\OT1/cmtt/m/n/10 vortex, so we carve out $\OML/ccm/m/it/10 B\OT1/ccr/m/n/10 (0)
$\OT1/cmtt/m/n/10 , leaving the much simpler continuity
 []


Underfull \hbox (badness 10000) in paragraph at lines 236--236
\OT1/cmtt/m/n/10 the left integral vanishes by the divergence theorem and Maxwe
ll's
 []


Underfull \hbox (badness 2556) in paragraph at lines 236--236
\OT1/cmtt/m/n/10 this integral moves through $\OT1/ccr/m/n/10 (\OML/ccm/m/it/10
 ^^X < r \OMS/ccsy/m/n/10 ^^\ \OML/ccm/m/it/10 ^^U\OT1/ccr/m/n/10 )$ \OT1/cmtt/
m/n/10 about the boundary of the
 []


Underfull \hbox (badness 10000) in paragraph at lines 236--236
\OT1/cmtt/m/n/10 vortex, so we carve out $\OML/ccm/m/it/10 B\OT1/ccr/m/n/10 (0)
$\OT1/cmtt/m/n/10 , leaving the much simpler continuity
 []


Underfull \hbox (badness 10000) in paragraph at lines 236--238
\OT1/cmtt/m/n/10 Now, the change in free energy must be zero for this to be fav
orable,
 []



[8]
Underfull \hbox (badness 10000) in paragraph at lines 246--247
[]\OT1/cmtt/m/n/10 We denote this the first critical magnetic field, $\OML/ccm/
m/it/10 H[]$\OT1/cmtt/m/n/10 , it is the
 []


Underfull \hbox (badness 10000) in paragraph at lines 246--247
\OT1/cmtt/m/n/10 threshold below which the Superconductive Meissner state is st
able.
 []


Underfull \hbox (badness 10000) in paragraph at lines 246--247
\OT1/cmtt/m/n/10 Above this point, it is energetically favorable to form vortic
es, but
 []


Underfull \hbox (badness 10000) in paragraph at lines 246--247
\OT1/cmtt/m/n/10 the cores aren't small enough to not feel the effect of the co
herence
 []


Underfull \hbox (badness 10000) in paragraph at lines 248--249
[]\OT1/cmtt/m/n/10 We are then interested in the other regime, where $\OMS/ccsy
/m/n/10 j\OML/ccm/m/it/10 '\OMS/ccsy/m/n/10 j[]$ \OT1/cmtt/m/n/10 is close to
 []


Underfull \hbox (badness 10000) in paragraph at lines 258--258
\OT1/cmtt/m/n/10 the vector potential needs to correspond to the unifrom magnet
ic field
 []


Underfull \hbox (badness 10000) in paragraph at lines 258--258
\OT1/cmtt/m/n/10 the vector potential needs to correspond to the unifrom magnet
ic field
 []


Underfull \hbox (badness 10000) in paragraph at lines 258--260
\OT1/cmtt/m/n/10 if we suppose $\OMS/ccsy/m/n/10 ^^@\OML/ccm/m/it/10 $ \OT1/cm
tt/m/n/10 is the energy, this is just the quantum harmonic
 []


Underfull \hbox (badness 10000) in paragraph at lines 269--271
\OT1/cmtt/m/n/10 Notice that the upper critical field is set entirely by the co
herence
 []


Underfull \hbox (badness 10000) in paragraph at lines 269--271
\OT1/cmtt/m/n/10 length, as it gets longer, the superconductor will form more v
orticies
 []


Underfull \hbox (badness 10000) in paragraph at lines 269--271
\OT1/cmtt/m/n/10 easier, since the material doesnt have enough room to totally
 []



[9]
Underfull \hbox (badness 10000) in paragraph at lines 272--273
[]\OT1/cmtt/m/n/10 A couple things are worth pointing out here: First, look at 
the
 []


Underfull \hbox (badness 10000) in paragraph at lines 276--278
\OT1/cmtt/m/n/10 So for $\OML/ccm/m/it/10 ^^T$ \OT1/cmtt/m/n/10 large, this rat
io explodes, making the superconducting state
 []


Underfull \hbox (badness 10000) in paragraph at lines 276--278
\OT1/cmtt/m/n/10 less and less stable, requiring lower temperatures to obtain a
 fully
 []


Underfull \hbox (badness 10000) in paragraph at lines 276--278
\OT1/cmtt/m/n/10 superconducting state. We also see an interesting relationship
 to the
 []



[10]
Chapter 3.
tdgl_doc.tex:288: Illegal unit of measure (pt inserted).
<to be read again> 
                   !
l.288 ...er{Time-Dependent Ginzburg-Landau Theory}
                                                  
Dimensions can be in units of em, ex, in, pt, pc,
cm, mm, dd, cc, nd, nc, bp, or sp; but yours is a new one!
I'll assume that you meant to say pt, for printer's points.
To recover gracefully from this error, it's best to
delete the erroneous units; e.g., type `2' to delete
two letters. (See Chapter 27 of The TeXbook.)


Overfull \hbox (7.1025pt too wide) in paragraph at lines 288--288
|[]\OT1/cmtt/m/n/17.28 Time-Dependent Ginzburg-Landau
 []


Underfull \hbox (badness 10000) in paragraph at lines 290--291
\OT1/cmtt/m/n/10 Let's get more complex: The goal of this project is to create 
a
 []


Underfull \hbox (badness 10000) in paragraph at lines 290--291
\OT1/cmtt/m/n/10 program that can take a number of different realistic situatio
ns for a
 []


Underfull \hbox (badness 10000) in paragraph at lines 290--291
\OT1/cmtt/m/n/10 superconductor and respond with a highly-accurate simulation i
n real
 []


Underfull \hbox (badness 10000) in paragraph at lines 290--291
\OT1/cmtt/m/n/10 time. So, we start by defining our scope. In the same vein as 
the
 []


Underfull \hbox (badness 10000) in paragraph at lines 293--295
\OT1/cmtt/m/n/10 While very different, the same genetics of our original equati
on
 []


Underfull \hbox (badness 10000) in paragraph at lines 293--295
\OT1/cmtt/m/n/10 is still there: We have a covariant laplacian of $\OML/ccm/m/i
t/10 '$ \OT1/cmtt/m/n/10 capturing the
 []


Underfull \hbox (badness 10000) in paragraph at lines 293--295
\OT1/cmtt/m/n/10 behavior and coupling of a gauge-invariant scalar field to a m
agnetic
 []


Underfull \hbox (badness 10000) in paragraph at lines 293--295
\OT1/cmtt/m/n/10 field. We also have a term that describes the coupling of our 
field
 []


Underfull \hbox (badness 3646) in paragraph at lines 293--295
\OT1/cmtt/m/n/10 to the critical temperature, $\OT1/ccr/m/n/10 (\OML/ccm/m/it/1
0 " \OMS/ccsy/m/n/10 ^^@ j\OML/ccm/m/it/10 '\OMS/ccsy/m/n/10 j[]\OT1/ccr/m/n/10
 )$\OT1/cmtt/m/n/10 , where $\OML/ccm/m/it/10 "\OT1/ccr/m/n/10 (\OML/cmm/b/it/1
0 r\OT1/ccr/m/n/10 ) = \OML/ccm/m/it/10 T[]\OT1/ccr/m/n/10 (\OML/cmm/b/it/10 r\
OT1/ccr/m/n/10 )\OML/ccm/m/it/10 =T \OMS/ccsy/m/n/10 ^^@ \OT1/ccr/m/n/10 1$ \OT
1/cmtt/m/n/10 is
 []


Underfull \hbox (badness 10000) in paragraph at lines 293--295
\OT1/cmtt/m/n/10 the parameter characterizing the local critical temperature of
 the
 []


Underfull \hbox (badness 10000) in paragraph at lines 293--295
\OT1/cmtt/m/n/10 object. The form of this equation is so different because we n
eed
 []


Underfull \hbox (badness 10000) in paragraph at lines 296--297
[]\OT1/cmtt/m/n/10 We see on the left side a swath of unfamiliar terms, from le
ft
 []


Underfull \hbox (badness 10000) in paragraph at lines 296--297
\OT1/cmtt/m/n/10 to right: The ratio outside of everything is a material parame
ter
 []


Underfull \hbox (badness 10000) in paragraph at lines 296--297
\OT1/cmtt/m/n/10 governing the response time of the amplitude and phase of the 
order
 []


Underfull \hbox (badness 10000) in paragraph at lines 296--297
\OT1/cmtt/m/n/10 parameter to perturbations in time. The term $\OML/ccm/m/it/10
 u \OT1/ccr/m/n/10 = \OML/ccm/m/it/10 ^^Y[]=\OT1/ccr/m/n/10 14\OML/ccm/m/it/10 
^^P\OT1/ccr/m/n/10 (3)$ \OT1/cmtt/m/n/10 is the
 []


Underfull \hbox (badness 10000) in paragraph at lines 296--297
\OT1/cmtt/m/n/10 ratio for dirty superconductors, and $\OML/ccm/m/it/10 ^^M$ \O
T1/cmtt/m/n/10 parameterizes the strength of
 []


Underfull \hbox (badness 10000) in paragraph at lines 296--297
\OT1/cmtt/m/n/10 inelastic scattering (diffusion length) in the material. Withi
n the
 []


Underfull \hbox (badness 10000) in paragraph at lines 296--297
\OT1/cmtt/m/n/10 parenthesis we see two derivative terms, one a simple time der
ivative
 []


Underfull \hbox (badness 10000) in paragraph at lines 296--297
\OT1/cmtt/m/n/10 of the order parameter, and the other being a term that manage
s the
 []


Underfull \hbox (badness 10000) in paragraph at lines 296--297
\OT1/cmtt/m/n/10 diffusive flow of cooper pairs throughout time. The final term
 is $\OML/ccm/m/it/10 i^^V$\OT1/cmtt/m/n/10 ,
 []


Underfull \hbox (badness 10000) in paragraph at lines 296--297
\OT1/cmtt/m/n/10 the electric potential term. This is a term that manages the e
lectric
 []



[11

] (tdgl_doc.aux)
 ***********
LaTeX2e <2024-11-01> patch level 2
L3 programming layer <2025-01-18>
 ***********


LaTeX Font Warning: Some font shapes were not available, defaults substituted.


LaTeX Warning: Label(s) may have changed. Rerun to get cross-references right.

Package rerunfilecheck Info: File `tdgl_doc.out' has not changed.
(rerunfilecheck)             Checksum: FC94778A1362C204D92A925B5FD5C4D6;493.
 ) 
Here is how much of TeX's memory you used:
 37151 strings out of 473523
 752368 string characters out of 5714146
 1167429 words of memory out of 5000000
 59586 multiletter control sequences out of 15000+600000
 576764 words of font info for 108 fonts, out of 8000000 for 9000
 1141 hyphenation exceptions out of 8191
 89i,14n,96p,1209b,478s stack positions out of 10000i,1000n,20000p,200000b,200000s
 <C:\Users\Graham\AppData\Local\MiKTeX\fonts/pk/ljfour/public/concrete/dpi600
\ccr7.pk> <C:\Users\Graham\AppData\Local\MiKTeX\fonts/pk/ljfour/public/concmath
-fonts/dpi600\xccex10.pk> <C:\Users\Graham\AppData\Local\MiKTeX\fonts/pk/ljfour
/public/concmath-fonts/dpi600\xccsy7.pk> <C:\Users\Graham\AppData\Local\MiKTeX\
fonts/pk/ljfour/public/concmath-fonts/dpi600\xccsy10.pk> <C:\Users\Graham\AppDa
ta\Local\MiKTeX\fonts/pk/ljfour/public/concmath-fonts/dpi600\xccmi7.pk> <C:\Use
rs\Graham\AppData\Local\MiKTeX\fonts/pk/ljfour/public/concrete/dpi600\ccr10.pk>
 <C:\Users\Graham\AppData\Local\MiKTeX\fonts/pk/ljfour/public/concmath-fonts/dp
i600\xccmi10.pk><C:/Users/Graham/AppData/Local/Programs/MiKTeX/fonts/type1/publ
ic/amsfonts/cm/cmbsy10.pfb><C:/Users/Graham/AppData/Local/Programs/MiKTeX/fonts
/type1/public/amsfonts/cm/cmbx10.pfb><C:/Users/Graham/AppData/Local/Programs/Mi
KTeX/fonts/type1/public/amsfonts/cm/cmitt10.pfb><C:/Users/Graham/AppData/Local/
Programs/MiKTeX/fonts/type1/public/amsfonts/cm/cmmib10.pfb><C:/Users/Graham/App
Data/Local/Programs/MiKTeX/fonts/type1/public/amsfonts/cmextra/cmmib7.pfb><C:/U
sers/Graham/AppData/Local/Programs/MiKTeX/fonts/type1/public/amsfonts/cm/cmsltt
10.pfb><C:/Users/Graham/AppData/Local/Programs/MiKTeX/fonts/type1/public/amsfon
ts/cm/cmtt10.pfb><C:/Users/Graham/AppData/Local/Programs/MiKTeX/fonts/type1/pub
lic/amsfonts/cm/cmtt12.pfb><C:/Users/Graham/AppData/Local/Programs/MiKTeX/fonts
/type1/public/amsfonts/cm/cmtt8.pfb><C:/Users/Graham/AppData/Local/Programs/MiK
TeX/fonts/type1/public/amsfonts/symbols/msbm10.pfb><C:/Users/Graham/AppData/Loc
al/Programs/MiKTeX/fonts/type1/public/cm-super/sftt1000.pfb>
Output written on tdgl_doc.pdf (13 pages, 220474 bytes).
PDF statistics:
 370 PDF objects out of 1000 (max. 8388607)
 43 named destinations out of 1000 (max. 500000)
 37 words of extra memory for PDF output out of 10000 (max. 10000000)

